#
# There is insufficient memory for the Java Runtime Environment to continue.
# Native memory allocation (malloc) failed to allocate 1570256 bytes. Error detail: Chunk::new
# Possible reasons:
#   The system is out of physical RAM or swap space
#   This process is running with CompressedOops enabled, and the Java Heap may be blocking the growth of the native heap
# Possible solutions:
#   Reduce memory load on the system
#   Increase physical memory or swap space
#   Check if swap backing store is full
#   Decrease Java heap size (-Xmx/-Xms)
#   Decrease number of Java threads
#   Decrease Java thread stack sizes (-Xss)
#   Set larger code cache with -XX:ReservedCodeCacheSize=
#   JVM is running with Unscaled Compressed Oops mode in which the Java heap is
#     placed in the first 4GB address space. The Java Heap base address is the
#     maximum limit for the native heap growth. Please use -XX:HeapBaseMinAddress
#     to set the Java Heap base and to place the Java Heap above 4GB virtual address.
# This output file may be truncated or incomplete.
#
#  Out of Memory Error (arena.cpp:168), pid=900, tid=2688
#
# JRE version: OpenJDK Runtime Environment Temurin-21.0.8+9 (21.0.8+9) (build 21.0.8+9-LTS)
# Java VM: OpenJDK 64-Bit Server VM Temurin-21.0.8+9 (21.0.8+9-LTS, mixed mode, sharing, tiered, compressed oops, compressed class ptrs, parallel gc, windows-amd64)
# No core dump will be written. Minidumps are not enabled by default on client versions of Windows
#

---------------  S U M M A R Y ------------

Command Line: --add-modules=ALL-SYSTEM --add-opens=java.base/java.util=ALL-UNNAMED --add-opens=java.base/java.lang=ALL-UNNAMED --add-opens=java.base/sun.nio.fs=ALL-UNNAMED -Declipse.application=org.eclipse.jdt.ls.core.id1 -Dosgi.bundles.defaultStartLevel=4 -Declipse.product=org.eclipse.jdt.ls.core.product -Djava.import.generatesMetadataFilesAtProjectRoot=false -DDetectVMInstallationsJob.disabled=true -Dfile.encoding=utf8 -XX:+UseParallelGC -XX:GCTimeRatio=4 -XX:AdaptiveSizePolicyWeight=90 -Dsun.zip.disableMemoryMapping=true -Xmx2G -Xms100m -Xlog:disable -javaagent:c:\Users\Danusshkumar\.vscode\extensions\redhat.java-1.46.0-win32-x64\lombok\lombok-1.18.39-4050.jar c:\Users\Danusshkumar\.vscode\extensions\redhat.java-1.46.0-win32-x64\server\plugins\org.eclipse.equinox.launcher_1.7.0.v20250519-0528.jar -configuration c:\Users\Danusshkumar\AppData\Roaming\Code\User\globalStorage\redhat.java\1.46.0\config_ss_win -data c:\Users\Danusshkumar\AppData\Roaming\Code\User\workspaceStorage\8e926844a49a3e517cfefa697b0d0e7f\redhat.java\ss_ws --pipe=\\.\pipe\lsp-6d7e23d1687e63deda01f157911b330c-sock

Host: 11th Gen Intel(R) Core(TM) i5-1135G7 @ 2.40GHz, 8 cores, 3G,  Windows 11 , 64 bit Build 22621 (10.0.22621.5415)
Time: Fri Oct 10 23:06:21 2025 India Standard Time elapsed time: 10.606226 seconds (0d 0h 0m 10s)

---------------  T H R E A D  ---------------

Current thread (0x0000019afd859d50):  JavaThread "C2 CompilerThread0" daemon [_thread_in_native, id=2688, stack(0x0000006ded600000,0x0000006ded700000) (1024K)]


Current CompileTask:
C2:10606 3218       4       org.lombokweb.asm.ClassReader::readMethod (1070 bytes)

Stack: [0x0000006ded600000,0x0000006ded700000]
Native frames: (J=compiled Java code, j=interpreted, Vv=VM code, C=native code)
V  [jvm.dll+0x6d2449]
V  [jvm.dll+0x8ae341]
V  [jvm.dll+0x8b08be]
V  [jvm.dll+0x8b0fa3]
V  [jvm.dll+0x280c96]
V  [jvm.dll+0xc581d]
V  [jvm.dll+0xc5d53]
V  [jvm.dll+0x3b9162]
V  [jvm.dll+0x385315]
V  [jvm.dll+0x38477a]
V  [jvm.dll+0x248ed0]
V  [jvm.dll+0x2484af]
V  [jvm.dll+0x1c89ee]
V  [jvm.dll+0x257d4d]
V  [jvm.dll+0x2562ea]
V  [jvm.dll+0x3f2d16]
V  [jvm.dll+0x857e6b]
V  [jvm.dll+0x6d0b0d]
C  [ucrtbase.dll+0x29333]
C  [KERNEL32.DLL+0x1259d]
C  [ntdll.dll+0x5af78]


---------------  P R O C E S S  ---------------

Threads class SMR info:
_java_thread_list=0x0000019ad8860260, length=28, elements={
0x0000019af9deb350, 0x0000019afd848400, 0x0000019af9e9e730, 0x0000019afd84cad0,
0x0000019afd84f7f0, 0x0000019afd851a10, 0x0000019afd856aa0, 0x0000019afd859d50,
0x0000019afd85b310, 0x0000019aff1b4430, 0x0000019aff3a7a60, 0x0000019aff7a4fe0,
0x0000019aff7a5640, 0x0000019aff7a5ca0, 0x0000019aff55dd80, 0x0000019aff55e3e0,
0x0000019aff55ea40, 0x0000019aff99f460, 0x0000019affb9a3d0, 0x0000019affb7cf60,
0x0000019affb7a170, 0x0000019affb7a800, 0x0000019affb7c8d0, 0x0000019affb7ae90,
0x0000019affb7b520, 0x0000019affb7bbb0, 0x0000019affb7c240, 0x0000019affb79ae0
}

Java Threads: ( => current thread )
  0x0000019af9deb350 JavaThread "main"                              [_thread_blocked, id=18544, stack(0x0000006decc00000,0x0000006decd00000) (1024K)]
  0x0000019afd848400 JavaThread "Reference Handler"          daemon [_thread_blocked, id=8432, stack(0x0000006ded000000,0x0000006ded100000) (1024K)]
  0x0000019af9e9e730 JavaThread "Finalizer"                  daemon [_thread_blocked, id=7676, stack(0x0000006ded100000,0x0000006ded200000) (1024K)]
  0x0000019afd84cad0 JavaThread "Signal Dispatcher"          daemon [_thread_blocked, id=19900, stack(0x0000006ded200000,0x0000006ded300000) (1024K)]
  0x0000019afd84f7f0 JavaThread "Attach Listener"            daemon [_thread_blocked, id=12568, stack(0x0000006ded300000,0x0000006ded400000) (1024K)]
  0x0000019afd851a10 JavaThread "Service Thread"             daemon [_thread_blocked, id=4860, stack(0x0000006ded400000,0x0000006ded500000) (1024K)]
  0x0000019afd856aa0 JavaThread "Monitor Deflation Thread"   daemon [_thread_blocked, id=16016, stack(0x0000006ded500000,0x0000006ded600000) (1024K)]
=>0x0000019afd859d50 JavaThread "C2 CompilerThread0"         daemon [_thread_in_native, id=2688, stack(0x0000006ded600000,0x0000006ded700000) (1024K)]
  0x0000019afd85b310 JavaThread "C1 CompilerThread0"         daemon [_thread_in_native, id=13092, stack(0x0000006ded700000,0x0000006ded800000) (1024K)]
  0x0000019aff1b4430 JavaThread "Common-Cleaner"             daemon [_thread_blocked, id=14772, stack(0x0000006ded800000,0x0000006ded900000) (1024K)]
  0x0000019aff3a7a60 JavaThread "Notification Thread"        daemon [_thread_blocked, id=2244, stack(0x0000006ded900000,0x0000006deda00000) (1024K)]
  0x0000019aff7a4fe0 JavaThread "Equinox resolver thread - Equinox Container: 3a40287f-35ad-43f9-9424-be4c2eff121b" daemon [_thread_blocked, id=15948, stack(0x0000006dee000000,0x0000006dee100000) (1024K)]
  0x0000019aff7a5640 JavaThread "Equinox resolver thread - Equinox Container: 3a40287f-35ad-43f9-9424-be4c2eff121b" daemon [_thread_blocked, id=16864, stack(0x0000006dee100000,0x0000006dee200000) (1024K)]
  0x0000019aff7a5ca0 JavaThread "Equinox resolver thread - Equinox Container: 3a40287f-35ad-43f9-9424-be4c2eff121b" daemon [_thread_blocked, id=16988, stack(0x0000006dee200000,0x0000006dee300000) (1024K)]
  0x0000019aff55dd80 JavaThread "Equinox resolver thread - Equinox Container: 3a40287f-35ad-43f9-9424-be4c2eff121b" daemon [_thread_blocked, id=12792, stack(0x0000006dee300000,0x0000006dee400000) (1024K)]
  0x0000019aff55e3e0 JavaThread "Equinox resolver thread - Equinox Container: 3a40287f-35ad-43f9-9424-be4c2eff121b" daemon [_thread_blocked, id=9276, stack(0x0000006dee400000,0x0000006dee500000) (1024K)]
  0x0000019aff55ea40 JavaThread "Equinox resolver thread - Equinox Container: 3a40287f-35ad-43f9-9424-be4c2eff121b" daemon [_thread_blocked, id=1572, stack(0x0000006dee500000,0x0000006dee600000) (1024K)]
  0x0000019aff99f460 JavaThread "Active Thread: Equinox Container: 3a40287f-35ad-43f9-9424-be4c2eff121b"        [_thread_blocked, id=6476, stack(0x0000006dee600000,0x0000006dee700000) (1024K)]
  0x0000019affb9a3d0 JavaThread "Framework Event Dispatcher: Equinox Container: 3a40287f-35ad-43f9-9424-be4c2eff121b" daemon [_thread_blocked, id=15656, stack(0x0000006dee700000,0x0000006dee800000) (1024K)]
  0x0000019affb7cf60 JavaThread "Start Level: Equinox Container: 3a40287f-35ad-43f9-9424-be4c2eff121b" daemon [_thread_in_vm, id=11532, stack(0x0000006dee800000,0x0000006dee900000) (1024K)]
  0x0000019affb7a170 JavaThread "Refresh Thread: Equinox Container: 3a40287f-35ad-43f9-9424-be4c2eff121b" daemon [_thread_blocked, id=12008, stack(0x0000006deea00000,0x0000006deeb00000) (1024K)]
  0x0000019affb7a800 JavaThread "Equinox resolver thread - Equinox Container: 3a40287f-35ad-43f9-9424-be4c2eff121b" daemon [_thread_blocked, id=12592, stack(0x0000006deeb00000,0x0000006deec00000) (1024K)]
  0x0000019affb7c8d0 JavaThread "Equinox resolver thread - Equinox Container: 3a40287f-35ad-43f9-9424-be4c2eff121b" daemon [_thread_blocked, id=16928, stack(0x0000006deec00000,0x0000006deed00000) (1024K)]
  0x0000019affb7ae90 JavaThread "SCR Component Actor"        daemon [_thread_blocked, id=11324, stack(0x0000006deed00000,0x0000006deee00000) (1024K)]
  0x0000019affb7b520 JavaThread "Worker-JM"                         [_thread_blocked, id=11196, stack(0x0000006deee00000,0x0000006deef00000) (1024K)]
  0x0000019affb7bbb0 JavaThread "Worker-0"                          [_thread_blocked, id=16208, stack(0x0000006deef00000,0x0000006def000000) (1024K)]
  0x0000019affb7c240 JavaThread "Worker-1"                          [_thread_blocked, id=18692, stack(0x0000006def000000,0x0000006def100000) (1024K)]
  0x0000019affb79ae0 JavaThread "Java indexing"              daemon [_thread_blocked, id=7848, stack(0x0000006def100000,0x0000006def200000) (1024K)]
Total: 28

Other Threads:
  0x0000019afd841d30 VMThread "VM Thread"                           [id=16536, stack(0x0000006decf00000,0x0000006ded000000) (1024K)]
  0x0000019af9e56de0 WatcherThread "VM Periodic Task Thread"        [id=17896, stack(0x0000006dece00000,0x0000006decf00000) (1024K)]
  0x0000019af9e0a8a0 WorkerThread "GC Thread#0"                     [id=18464, stack(0x0000006decd00000,0x0000006dece00000) (1024K)]
  0x0000019aff452bc0 WorkerThread "GC Thread#1"                     [id=3656, stack(0x0000006deda00000,0x0000006dedb00000) (1024K)]
  0x0000019aff452f60 WorkerThread "GC Thread#2"                     [id=13124, stack(0x0000006dedb00000,0x0000006dedc00000) (1024K)]
  0x0000019aff453300 WorkerThread "GC Thread#3"                     [id=15124, stack(0x0000006dedc00000,0x0000006dedd00000) (1024K)]
  0x0000019aff755490 WorkerThread "GC Thread#4"                     [id=19344, stack(0x0000006dedd00000,0x0000006dede00000) (1024K)]
  0x0000019aff755830 WorkerThread "GC Thread#5"                     [id=14980, stack(0x0000006dede00000,0x0000006dedf00000) (1024K)]
  0x0000019aff755bd0 WorkerThread "GC Thread#6"                     [id=16120, stack(0x0000006dedf00000,0x0000006dee000000) (1024K)]
  0x0000019affb9aa30 WorkerThread "GC Thread#7"                     [id=10060, stack(0x0000006dee900000,0x0000006deea00000) (1024K)]
Total: 10

Threads with active compile tasks:
C2 CompilerThread0  10661 3218       4       org.lombokweb.asm.ClassReader::readMethod (1070 bytes)
C1 CompilerThread0  10661 3366       3       sun.util.locale.LocaleObjectCache::get (126 bytes)
Total: 2

VM state: not at safepoint (normal execution)

VM Mutex/Monitor currently owned by a thread: None

Heap address: 0x0000000080000000, size: 2048 MB, Compressed Oops mode: 32-bit

CDS archive(s) mapped at: [0x0000019a93000000-0x0000019a93ba0000-0x0000019a93ba0000), size 12189696, SharedBaseAddress: 0x0000019a93000000, ArchiveRelocationMode: 1.
Compressed class space mapped at: 0x0000019a94000000-0x0000019ad4000000, reserved size: 1073741824
Narrow klass base: 0x0000019a93000000, Narrow klass shift: 0, Narrow klass range: 0x100000000

GC Precious Log:
 CardTable entry size: 512
 CPUs: 8 total, 8 available
 Memory: 3738M
 Large Page Support: Disabled
 NUMA Support: Disabled
 Compressed Oops: Enabled (32-bit)
 Alignments: Space 512K, Generation 512K, Heap 2M
 Heap Min Capacity: 100M
 Heap Initial Capacity: 100M
 Heap Max Capacity: 2G
 Pre-touch: Disabled
 Parallel Workers: 8

Heap:
 PSYoungGen      total 28160K, used 23149K [0x00000000d5580000, 0x00000000d7680000, 0x0000000100000000)
  eden space 24576K, 94% used [0x00000000d5580000,0x00000000d6c1b450,0x00000000d6d80000)
  from space 3584K, 0% used [0x00000000d6e80000,0x00000000d6e80000,0x00000000d7200000)
  to   space 4608K, 0% used [0x00000000d7200000,0x00000000d7200000,0x00000000d7680000)
 ParOldGen       total 68608K, used 10238K [0x0000000080000000, 0x0000000084300000, 0x00000000d5580000)
  object space 68608K, 14% used [0x0000000080000000,0x00000000809ffaa0,0x0000000084300000)
 Metaspace       used 22287K, committed 22912K, reserved 1114112K
  class space    used 2120K, committed 2432K, reserved 1048576K

Card table byte_map: [0x0000019af97b0000,0x0000019af9bc0000] _byte_map_base: 0x0000019af93b0000

Marking Bits: (ParMarkBitMap*) 0x00007ffdb8e6a340
 Begin Bits: [0x0000019a8f000000, 0x0000019a91000000)
 End Bits:   [0x0000019a91000000, 0x0000019a93000000)

Polling page: 0x0000019af95a0000

Metaspace:

Usage:
  Non-class:     19.69 MB used.
      Class:      2.07 MB used.
       Both:     21.76 MB used.

Virtual space:
  Non-class space:       64.00 MB reserved,      20.00 MB ( 31%) committed,  1 nodes.
      Class space:        1.00 GB reserved,       2.38 MB ( <1%) committed,  1 nodes.
             Both:        1.06 GB reserved,      22.38 MB (  2%) committed. 

Chunk freelists:
   Non-Class:  11.60 MB
       Class:  13.46 MB
        Both:  25.06 MB

MaxMetaspaceSize: unlimited
CompressedClassSpaceSize: 1.00 GB
Initial GC threshold: 21.00 MB
Current GC threshold: 35.00 MB
CDS: on
 - commit_granule_bytes: 65536.
 - commit_granule_words: 8192.
 - virtual_space_node_default_size: 8388608.
 - enlarge_chunks_in_place: 1.
 - use_allocation_guard: 0.


Internal statistics:

num_allocs_failed_limit: 3.
num_arena_births: 468.
num_arena_deaths: 14.
num_vsnodes_births: 2.
num_vsnodes_deaths: 0.
num_space_committed: 358.
num_space_uncommitted: 0.
num_chunks_returned_to_freelist: 17.
num_chunks_taken_from_freelist: 1263.
num_chunk_merges: 7.
num_chunk_splits: 838.
num_chunks_enlarged: 579.
num_inconsistent_stats: 0.

CodeHeap 'non-profiled nmethods': size=120000Kb used=1260Kb max_used=1260Kb free=118739Kb
 bounds [0x0000019a87ad0000, 0x0000019a87d40000, 0x0000019a8f000000]
CodeHeap 'profiled nmethods': size=120000Kb used=7090Kb max_used=7090Kb free=112910Kb
 bounds [0x0000019a80000000, 0x0000019a806f0000, 0x0000019a87530000]
CodeHeap 'non-nmethods': size=5760Kb used=1319Kb max_used=1319Kb free=4440Kb
 bounds [0x0000019a87530000, 0x0000019a877a0000, 0x0000019a87ad0000]
CodeCache: size=245760Kb, used=9669Kb, max_used=9669Kb, free=236089Kb
 total_blobs=3953, nmethods=3364, adapters=495, full_count=0
Compilation: enabled, stopped_count=0, restarted_count=0

Compilation events (20 events):
Event: 10.559 Thread 0x0000019afd85b310 3289       3       org.eclipse.osgi.internal.hookregistry.ClassLoaderHook::postFindLocalResource (1 bytes)
Event: 10.559 Thread 0x0000019afd85b310 nmethod 3289 0x0000019a806aa110 code [0x0000019a806aa2a0, 0x0000019a806aa3a8]
Event: 10.563 Thread 0x0000019afd85b310 3290       3       java.net.URI$Parser::parseHierarchical (178 bytes)
Event: 10.567 Thread 0x0000019afd85b310 nmethod 3290 0x0000019a806aa490 code [0x0000019a806aa8a0, 0x0000019a806ac2f8]
Event: 10.567 Thread 0x0000019afd85b310 3291   !   3       org.eclipse.osgi.internal.loader.BundleLoader::findImportedSource (29 bytes)
Event: 10.568 Thread 0x0000019afd85b310 nmethod 3291 0x0000019a806ace10 code [0x0000019a806acfe0, 0x0000019a806ad3d8]
Event: 10.569 Thread 0x0000019afd85b310 3292       3       java.io.File::getCanonicalPath (31 bytes)
Event: 10.569 Thread 0x0000019afd85b310 nmethod 3292 0x0000019a806ad590 code [0x0000019a806ad780, 0x0000019a806ada58]
Event: 10.569 Thread 0x0000019afd85b310 3293   !   3       java.io.WinNTFileSystem::canonicalize (199 bytes)
Event: 10.573 Thread 0x0000019afd85b310 nmethod 3293 0x0000019a806adb90 code [0x0000019a806ae180, 0x0000019a806b1268]
Event: 10.573 Thread 0x0000019afd85b310 3294       3       lombok.launch.PackageShader::apply (252 bytes)
Event: 10.574 Thread 0x0000019afd85b310 nmethod 3294 0x0000019a806b2390 code [0x0000019a806b25e0, 0x0000019a806b3090]
Event: 10.585 Thread 0x0000019afd85b310 3295       3       java.net.URI$Parser::parse (243 bytes)
Event: 10.588 Thread 0x0000019afd85b310 nmethod 3295 0x0000019a806b3690 code [0x0000019a806b3b80, 0x0000019a806b5db0]
Event: 10.588 Thread 0x0000019afd85b310 3296       3       java.net.URI$Parser::checkChar (14 bytes)
Event: 10.588 Thread 0x0000019afd85b310 nmethod 3296 0x0000019a806b6b90 code [0x0000019a806b6d40, 0x0000019a806b6e98]
Event: 10.589 Thread 0x0000019afd85b310 3297       3       java.net.URI::toURL (6 bytes)
Event: 10.589 Thread 0x0000019afd85b310 nmethod 3297 0x0000019a806b6f90 code [0x0000019a806b7140, 0x0000019a806b7288]
Event: 10.590 Thread 0x0000019afd85b310 3298       3       jdk.internal.org.objectweb.asm.Frame::execute (2305 bytes)
Event: 10.595 Thread 0x0000019afd85b310 nmethod 3298 0x0000019a806b7310 code [0x0000019a806b8140, 0x0000019a806be5c0]

GC Heap History (16 events):
Event: 3.774 GC heap before
{Heap before GC invocations=1 (full 0):
 PSYoungGen      total 29696K, used 25600K [0x00000000d5580000, 0x00000000d7680000, 0x0000000100000000)
  eden space 25600K, 100% used [0x00000000d5580000,0x00000000d6e80000,0x00000000d6e80000)
  from space 4096K, 0% used [0x00000000d7280000,0x00000000d7280000,0x00000000d7680000)
  to   space 4096K, 0% used [0x00000000d6e80000,0x00000000d6e80000,0x00000000d7280000)
 ParOldGen       total 68608K, used 0K [0x0000000080000000, 0x0000000084300000, 0x00000000d5580000)
  object space 68608K, 0% used [0x0000000080000000,0x0000000080000000,0x0000000084300000)
 Metaspace       used 4426K, committed 4672K, reserved 1114112K
  class space    used 488K, committed 576K, reserved 1048576K
}
Event: 3.803 GC heap after
{Heap after GC invocations=1 (full 0):
 PSYoungGen      total 29696K, used 3360K [0x00000000d5580000, 0x00000000d7680000, 0x0000000100000000)
  eden space 25600K, 0% used [0x00000000d5580000,0x00000000d5580000,0x00000000d6e80000)
  from space 4096K, 82% used [0x00000000d6e80000,0x00000000d71c80d8,0x00000000d7280000)
  to   space 4096K, 0% used [0x00000000d7280000,0x00000000d7280000,0x00000000d7680000)
 ParOldGen       total 68608K, used 16K [0x0000000080000000, 0x0000000084300000, 0x00000000d5580000)
  object space 68608K, 0% used [0x0000000080000000,0x0000000080004000,0x0000000084300000)
 Metaspace       used 4426K, committed 4672K, reserved 1114112K
  class space    used 488K, committed 576K, reserved 1048576K
}
Event: 7.245 GC heap before
{Heap before GC invocations=2 (full 0):
 PSYoungGen      total 29696K, used 28960K [0x00000000d5580000, 0x00000000d7680000, 0x0000000100000000)
  eden space 25600K, 100% used [0x00000000d5580000,0x00000000d6e80000,0x00000000d6e80000)
  from space 4096K, 82% used [0x00000000d6e80000,0x00000000d71c80d8,0x00000000d7280000)
  to   space 4096K, 0% used [0x00000000d7280000,0x00000000d7280000,0x00000000d7680000)
 ParOldGen       total 68608K, used 16K [0x0000000080000000, 0x0000000084300000, 0x00000000d5580000)
  object space 68608K, 0% used [0x0000000080000000,0x0000000080004000,0x0000000084300000)
 Metaspace       used 8315K, committed 8640K, reserved 1114112K
  class space    used 887K, committed 1024K, reserved 1048576K
}
Event: 7.251 GC heap after
{Heap after GC invocations=2 (full 0):
 PSYoungGen      total 29696K, used 4087K [0x00000000d5580000, 0x00000000d7680000, 0x0000000100000000)
  eden space 25600K, 0% used [0x00000000d5580000,0x00000000d5580000,0x00000000d6e80000)
  from space 4096K, 99% used [0x00000000d7280000,0x00000000d767de08,0x00000000d7680000)
  to   space 4096K, 0% used [0x00000000d6e80000,0x00000000d6e80000,0x00000000d7280000)
 ParOldGen       total 68608K, used 64K [0x0000000080000000, 0x0000000084300000, 0x00000000d5580000)
  object space 68608K, 0% used [0x0000000080000000,0x0000000080010000,0x0000000084300000)
 Metaspace       used 8315K, committed 8640K, reserved 1114112K
  class space    used 887K, committed 1024K, reserved 1048576K
}
Event: 7.702 GC heap before
{Heap before GC invocations=3 (full 0):
 PSYoungGen      total 29696K, used 29687K [0x00000000d5580000, 0x00000000d7680000, 0x0000000100000000)
  eden space 25600K, 100% used [0x00000000d5580000,0x00000000d6e80000,0x00000000d6e80000)
  from space 4096K, 99% used [0x00000000d7280000,0x00000000d767de08,0x00000000d7680000)
  to   space 4096K, 0% used [0x00000000d6e80000,0x00000000d6e80000,0x00000000d7280000)
 ParOldGen       total 68608K, used 64K [0x0000000080000000, 0x0000000084300000, 0x00000000d5580000)
  object space 68608K, 0% used [0x0000000080000000,0x0000000080010000,0x0000000084300000)
 Metaspace       used 9245K, committed 9600K, reserved 1114112K
  class space    used 971K, committed 1152K, reserved 1048576K
}
Event: 7.709 GC heap after
{Heap after GC invocations=3 (full 0):
 PSYoungGen      total 29696K, used 4079K [0x00000000d5580000, 0x00000000d7680000, 0x0000000100000000)
  eden space 25600K, 0% used [0x00000000d5580000,0x00000000d5580000,0x00000000d6e80000)
  from space 4096K, 99% used [0x00000000d6e80000,0x00000000d727bc60,0x00000000d7280000)
  to   space 4096K, 0% used [0x00000000d7280000,0x00000000d7280000,0x00000000d7680000)
 ParOldGen       total 68608K, used 3100K [0x0000000080000000, 0x0000000084300000, 0x00000000d5580000)
  object space 68608K, 4% used [0x0000000080000000,0x0000000080307390,0x0000000084300000)
 Metaspace       used 9245K, committed 9600K, reserved 1114112K
  class space    used 971K, committed 1152K, reserved 1048576K
}
Event: 9.350 GC heap before
{Heap before GC invocations=4 (full 0):
 PSYoungGen      total 29696K, used 29679K [0x00000000d5580000, 0x00000000d7680000, 0x0000000100000000)
  eden space 25600K, 100% used [0x00000000d5580000,0x00000000d6e80000,0x00000000d6e80000)
  from space 4096K, 99% used [0x00000000d6e80000,0x00000000d727bc60,0x00000000d7280000)
  to   space 4096K, 0% used [0x00000000d7280000,0x00000000d7280000,0x00000000d7680000)
 ParOldGen       total 68608K, used 3100K [0x0000000080000000, 0x0000000084300000, 0x00000000d5580000)
  object space 68608K, 4% used [0x0000000080000000,0x0000000080307390,0x0000000084300000)
 Metaspace       used 13608K, committed 14080K, reserved 1114112K
  class space    used 1415K, committed 1664K, reserved 1048576K
}
Event: 9.358 GC heap after
{Heap after GC invocations=4 (full 0):
 PSYoungGen      total 29696K, used 4082K [0x00000000d5580000, 0x00000000d7680000, 0x0000000100000000)
  eden space 25600K, 0% used [0x00000000d5580000,0x00000000d5580000,0x00000000d6e80000)
  from space 4096K, 99% used [0x00000000d7280000,0x00000000d767c890,0x00000000d7680000)
  to   space 4096K, 0% used [0x00000000d6e80000,0x00000000d6e80000,0x00000000d7280000)
 ParOldGen       total 68608K, used 4639K [0x0000000080000000, 0x0000000084300000, 0x00000000d5580000)
  object space 68608K, 6% used [0x0000000080000000,0x0000000080487ff0,0x0000000084300000)
 Metaspace       used 13608K, committed 14080K, reserved 1114112K
  class space    used 1415K, committed 1664K, reserved 1048576K
}
Event: 9.941 GC heap before
{Heap before GC invocations=5 (full 0):
 PSYoungGen      total 29696K, used 29628K [0x00000000d5580000, 0x00000000d7680000, 0x0000000100000000)
  eden space 25600K, 99% used [0x00000000d5580000,0x00000000d6e72b00,0x00000000d6e80000)
  from space 4096K, 99% used [0x00000000d7280000,0x00000000d767c890,0x00000000d7680000)
  to   space 4096K, 0% used [0x00000000d6e80000,0x00000000d6e80000,0x00000000d7280000)
 ParOldGen       total 68608K, used 4639K [0x0000000080000000, 0x0000000084300000, 0x00000000d5580000)
  object space 68608K, 6% used [0x0000000080000000,0x0000000080487ff0,0x0000000084300000)
 Metaspace       used 17276K, committed 17856K, reserved 1114112K
  class space    used 1769K, committed 2048K, reserved 1048576K
}
Event: 9.947 GC heap after
{Heap after GC invocations=5 (full 0):
 PSYoungGen      total 29184K, used 4073K [0x00000000d5580000, 0x00000000d7c00000, 0x0000000100000000)
  eden space 25088K, 0% used [0x00000000d5580000,0x00000000d5580000,0x00000000d6e00000)
  from space 4096K, 99% used [0x00000000d6e80000,0x00000000d727a538,0x00000000d7280000)
  to   space 7168K, 0% used [0x00000000d7500000,0x00000000d7500000,0x00000000d7c00000)
 ParOldGen       total 68608K, used 7481K [0x0000000080000000, 0x0000000084300000, 0x00000000d5580000)
  object space 68608K, 10% used [0x0000000080000000,0x000000008074e5b8,0x0000000084300000)
 Metaspace       used 17276K, committed 17856K, reserved 1114112K
  class space    used 1769K, committed 2048K, reserved 1048576K
}
Event: 10.299 GC heap before
{Heap before GC invocations=6 (full 0):
 PSYoungGen      total 29184K, used 29132K [0x00000000d5580000, 0x00000000d7c00000, 0x0000000100000000)
  eden space 25088K, 99% used [0x00000000d5580000,0x00000000d6df8d00,0x00000000d6e00000)
  from space 4096K, 99% used [0x00000000d6e80000,0x00000000d727a538,0x00000000d7280000)
  to   space 7168K, 0% used [0x00000000d7500000,0x00000000d7500000,0x00000000d7c00000)
 ParOldGen       total 68608K, used 7481K [0x0000000080000000, 0x0000000084300000, 0x00000000d5580000)
  object space 68608K, 10% used [0x0000000080000000,0x000000008074e5b8,0x0000000084300000)
 Metaspace       used 20660K, committed 21312K, reserved 1114112K
  class space    used 2019K, committed 2368K, reserved 1048576K
}
Event: 10.304 GC heap after
{Heap after GC invocations=6 (full 0):
 PSYoungGen      total 30208K, used 5346K [0x00000000d5580000, 0x00000000d7a80000, 0x0000000100000000)
  eden space 24576K, 0% used [0x00000000d5580000,0x00000000d5580000,0x00000000d6d80000)
  from space 5632K, 94% used [0x00000000d7500000,0x00000000d7a38840,0x00000000d7a80000)
  to   space 6144K, 0% used [0x00000000d6e80000,0x00000000d6e80000,0x00000000d7480000)
 ParOldGen       total 68608K, used 7489K [0x0000000080000000, 0x0000000084300000, 0x00000000d5580000)
  object space 68608K, 10% used [0x0000000080000000,0x00000000807505b8,0x0000000084300000)
 Metaspace       used 20660K, committed 21312K, reserved 1114112K
  class space    used 2019K, committed 2368K, reserved 1048576K
}
Event: 10.313 GC heap before
{Heap before GC invocations=7 (full 0):
 PSYoungGen      total 30208K, used 6944K [0x00000000d5580000, 0x00000000d7a80000, 0x0000000100000000)
  eden space 24576K, 6% used [0x00000000d5580000,0x00000000d570f858,0x00000000d6d80000)
  from space 5632K, 94% used [0x00000000d7500000,0x00000000d7a38840,0x00000000d7a80000)
  to   space 6144K, 0% used [0x00000000d6e80000,0x00000000d6e80000,0x00000000d7480000)
 ParOldGen       total 68608K, used 7489K [0x0000000080000000, 0x0000000084300000, 0x00000000d5580000)
  object space 68608K, 10% used [0x0000000080000000,0x00000000807505b8,0x0000000084300000)
 Metaspace       used 20876K, committed 21504K, reserved 1114112K
  class space    used 2019K, committed 2368K, reserved 1048576K
}
Event: 10.318 GC heap after
{Heap after GC invocations=7 (full 0):
 PSYoungGen      total 28160K, used 3494K [0x00000000d5580000, 0x00000000d7680000, 0x0000000100000000)
  eden space 24576K, 0% used [0x00000000d5580000,0x00000000d5580000,0x00000000d6d80000)
  from space 3584K, 97% used [0x00000000d6e80000,0x00000000d71e9ae8,0x00000000d7200000)
  to   space 4608K, 0% used [0x00000000d7200000,0x00000000d7200000,0x00000000d7680000)
 ParOldGen       total 68608K, used 8645K [0x0000000080000000, 0x0000000084300000, 0x00000000d5580000)
  object space 68608K, 12% used [0x0000000080000000,0x00000000808715b0,0x0000000084300000)
 Metaspace       used 20876K, committed 21504K, reserved 1114112K
  class space    used 2019K, committed 2368K, reserved 1048576K
}
Event: 10.318 GC heap before
{Heap before GC invocations=8 (full 1):
 PSYoungGen      total 28160K, used 3494K [0x00000000d5580000, 0x00000000d7680000, 0x0000000100000000)
  eden space 24576K, 0% used [0x00000000d5580000,0x00000000d5580000,0x00000000d6d80000)
  from space 3584K, 97% used [0x00000000d6e80000,0x00000000d71e9ae8,0x00000000d7200000)
  to   space 4608K, 0% used [0x00000000d7200000,0x00000000d7200000,0x00000000d7680000)
 ParOldGen       total 68608K, used 8645K [0x0000000080000000, 0x0000000084300000, 0x00000000d5580000)
  object space 68608K, 12% used [0x0000000080000000,0x00000000808715b0,0x0000000084300000)
 Metaspace       used 20876K, committed 21504K, reserved 1114112K
  class space    used 2019K, committed 2368K, reserved 1048576K
}
Event: 10.350 GC heap after
{Heap after GC invocations=8 (full 1):
 PSYoungGen      total 28160K, used 0K [0x00000000d5580000, 0x00000000d7680000, 0x0000000100000000)
  eden space 24576K, 0% used [0x00000000d5580000,0x00000000d5580000,0x00000000d6d80000)
  from space 3584K, 0% used [0x00000000d6e80000,0x00000000d6e80000,0x00000000d7200000)
  to   space 4608K, 0% used [0x00000000d7200000,0x00000000d7200000,0x00000000d7680000)
 ParOldGen       total 68608K, used 10238K [0x0000000080000000, 0x0000000084300000, 0x00000000d5580000)
  object space 68608K, 14% used [0x0000000080000000,0x00000000809ffaa0,0x0000000084300000)
 Metaspace       used 20863K, committed 21504K, reserved 1114112K
  class space    used 2016K, committed 2368K, reserved 1048576K
}

Dll operation events (11 events):
Event: 1.915 Loaded shared library c:\Users\Danusshkumar\.vscode\extensions\redhat.java-1.46.0-win32-x64\jre\21.0.8-win32-x86_64\bin\java.dll
Event: 2.467 Loaded shared library c:\Users\Danusshkumar\.vscode\extensions\redhat.java-1.46.0-win32-x64\jre\21.0.8-win32-x86_64\bin\zip.dll
Event: 2.510 Loaded shared library C:\Users\Danusshkumar\.vscode\extensions\redhat.java-1.46.0-win32-x64\jre\21.0.8-win32-x86_64\bin\instrument.dll
Event: 2.533 Loaded shared library C:\Users\Danusshkumar\.vscode\extensions\redhat.java-1.46.0-win32-x64\jre\21.0.8-win32-x86_64\bin\net.dll
Event: 2.550 Loaded shared library C:\Users\Danusshkumar\.vscode\extensions\redhat.java-1.46.0-win32-x64\jre\21.0.8-win32-x86_64\bin\nio.dll
Event: 2.556 Loaded shared library C:\Users\Danusshkumar\.vscode\extensions\redhat.java-1.46.0-win32-x64\jre\21.0.8-win32-x86_64\bin\zip.dll
Event: 2.586 Loaded shared library C:\Users\Danusshkumar\.vscode\extensions\redhat.java-1.46.0-win32-x64\jre\21.0.8-win32-x86_64\bin\jimage.dll
Event: 2.766 Loaded shared library c:\Users\Danusshkumar\.vscode\extensions\redhat.java-1.46.0-win32-x64\jre\21.0.8-win32-x86_64\bin\verify.dll
Event: 7.537 Loaded shared library C:\Users\Danusshkumar\AppData\Roaming\Code\User\globalStorage\redhat.java\1.46.0\config_ss_win\org.eclipse.equinox.launcher\org.eclipse.equinox.launcher.win32.win32.x86_64_1.2.1400.v20250801-0854\eclipse_11916.dll
Event: 9.573 Loaded shared library C:\Users\Danusshkumar\.vscode\extensions\redhat.java-1.46.0-win32-x64\jre\21.0.8-win32-x86_64\bin\management.dll
Event: 9.590 Loaded shared library C:\Users\Danusshkumar\.vscode\extensions\redhat.java-1.46.0-win32-x64\jre\21.0.8-win32-x86_64\bin\management_ext.dll

Deoptimization events (20 events):
Event: 9.850 Thread 0x0000019affb7cf60 Uncommon trap: trap_request=0xffffffde fr.pc=0x0000019a87bebd14 relative=0x00000000000003b4
Event: 9.850 Thread 0x0000019affb7cf60 Uncommon trap: reason=class_check action=maybe_recompile pc=0x0000019a87bebd14 method=java.util.regex.Pattern$BmpCharPropertyGreedy.match(Ljava/util/regex/Matcher;ILjava/lang/CharSequence;)Z @ 70 c2
Event: 9.850 Thread 0x0000019affb7cf60 DEOPT PACKING pc=0x0000019a87bebd14 sp=0x0000006dee8ef680
Event: 9.850 Thread 0x0000019affb7cf60 DEOPT UNPACKING pc=0x0000019a87586da2 sp=0x0000006dee8ef628 mode 2
Event: 9.851 Thread 0x0000019affb7cf60 Uncommon trap: trap_request=0xffffffde fr.pc=0x0000019a87bebd14 relative=0x00000000000003b4
Event: 9.851 Thread 0x0000019affb7cf60 Uncommon trap: reason=class_check action=maybe_recompile pc=0x0000019a87bebd14 method=java.util.regex.Pattern$BmpCharPropertyGreedy.match(Ljava/util/regex/Matcher;ILjava/lang/CharSequence;)Z @ 70 c2
Event: 9.851 Thread 0x0000019affb7cf60 DEOPT PACKING pc=0x0000019a87bebd14 sp=0x0000006dee8ef4d0
Event: 9.851 Thread 0x0000019affb7cf60 DEOPT UNPACKING pc=0x0000019a87586da2 sp=0x0000006dee8ef478 mode 2
Event: 10.214 Thread 0x0000019affb7cf60 Uncommon trap: trap_request=0xffffff6e fr.pc=0x0000019a87bfed0c relative=0x000000000000098c
Event: 10.214 Thread 0x0000019affb7cf60 Uncommon trap: reason=loop_limit_check action=maybe_recompile pc=0x0000019a87bfed0c method=java.util.regex.Pattern$StartS.match(Ljava/util/regex/Matcher;ILjava/lang/CharSequence;)Z @ 34 c2
Event: 10.214 Thread 0x0000019affb7cf60 DEOPT PACKING pc=0x0000019a87bfed0c sp=0x0000006dee8f2830
Event: 10.214 Thread 0x0000019affb7cf60 DEOPT UNPACKING pc=0x0000019a87586da2 sp=0x0000006dee8f27a0 mode 2
Event: 10.252 Thread 0x0000019affb7cf60 Uncommon trap: trap_request=0xffffff45 fr.pc=0x0000019a87c07924 relative=0x0000000000000184
Event: 10.252 Thread 0x0000019affb7cf60 Uncommon trap: reason=unstable_if action=reinterpret pc=0x0000019a87c07924 method=org.lombokweb.asm.ByteVector.putByteArray([BII)Lorg/lombokweb/asm/ByteVector; @ 20 c2
Event: 10.252 Thread 0x0000019affb7cf60 DEOPT PACKING pc=0x0000019a87c07924 sp=0x0000006dee8f2820
Event: 10.252 Thread 0x0000019affb7cf60 DEOPT UNPACKING pc=0x0000019a87586da2 sp=0x0000006dee8f27f0 mode 2
Event: 10.253 Thread 0x0000019affb7cf60 Uncommon trap: trap_request=0xffffff45 fr.pc=0x0000019a87c07224 relative=0x0000000000000364
Event: 10.253 Thread 0x0000019affb7cf60 Uncommon trap: reason=unstable_if action=reinterpret pc=0x0000019a87c07224 method=org.lombokweb.asm.Label.resolve([BLorg/lombokweb/asm/ByteVector;I)Z @ 81 c2
Event: 10.253 Thread 0x0000019affb7cf60 DEOPT PACKING pc=0x0000019a87c07224 sp=0x0000006dee8f28b0
Event: 10.253 Thread 0x0000019affb7cf60 DEOPT UNPACKING pc=0x0000019a87586da2 sp=0x0000006dee8f27b8 mode 2

Classes loaded (20 events):
Event: 9.872 Loading class java/util/zip/GZIPInputStream
Event: 9.872 Loading class java/util/zip/GZIPInputStream done
Event: 9.873 Loading class java/util/zip/GZIPOutputStream
Event: 9.873 Loading class java/util/zip/GZIPOutputStream done
Event: 9.878 Loading class java/net/SocketTimeoutException
Event: 9.878 Loading class java/io/InterruptedIOException
Event: 9.878 Loading class java/io/InterruptedIOException done
Event: 9.878 Loading class java/net/SocketTimeoutException done
Event: 9.878 Loading class java/net/SocketException
Event: 9.878 Loading class java/net/SocketException done
Event: 9.878 Loading class java/net/UnknownHostException
Event: 9.878 Loading class java/net/UnknownHostException done
Event: 9.878 Loading class java/net/ProtocolException
Event: 9.878 Loading class java/net/ProtocolException done
Event: 9.905 Loading class java/lang/ThreadLocal$SuppliedThreadLocal
Event: 9.905 Loading class java/lang/ThreadLocal$SuppliedThreadLocal done
Event: 9.910 Loading class java/io/FileWriter
Event: 9.910 Loading class java/io/FileWriter done
Event: 9.985 Loading class java/lang/NegativeArraySizeException
Event: 9.985 Loading class java/lang/NegativeArraySizeException done

Classes unloaded (7 events):
Event: 10.325 Thread 0x0000019afd841d30 Unloading class 0x0000019a941a5000 'java/lang/invoke/LambdaForm$MH+0x0000019a941a5000'
Event: 10.325 Thread 0x0000019afd841d30 Unloading class 0x0000019a941a4c00 'java/lang/invoke/LambdaForm$MH+0x0000019a941a4c00'
Event: 10.325 Thread 0x0000019afd841d30 Unloading class 0x0000019a941a4800 'java/lang/invoke/LambdaForm$MH+0x0000019a941a4800'
Event: 10.325 Thread 0x0000019afd841d30 Unloading class 0x0000019a941a4400 'java/lang/invoke/LambdaForm$MH+0x0000019a941a4400'
Event: 10.325 Thread 0x0000019afd841d30 Unloading class 0x0000019a941a4000 'java/lang/invoke/LambdaForm$BMH+0x0000019a941a4000'
Event: 10.325 Thread 0x0000019afd841d30 Unloading class 0x0000019a941a3c00 'java/lang/invoke/LambdaForm$DMH+0x0000019a941a3c00'
Event: 10.325 Thread 0x0000019afd841d30 Unloading class 0x0000019a941a2800 'java/lang/invoke/LambdaForm$DMH+0x0000019a941a2800'

Classes redefined (0 events):
No events

Internal exceptions (20 events):
Event: 9.736 Thread 0x0000019affb7cf60 Exception <a 'java/lang/NoSuchMethodError'{0x00000000d61495f8}: 'java.lang.Object java.lang.invoke.Invokers$Holder.linkToTargetMethod(java.lang.Object, java.lang.Object, long, java.lang.Object)'> (0x00000000d61495f8) 
thrown [s\src\hotspot\share\interpreter\linkResolver.cpp, line 773]
Event: 9.758 Thread 0x0000019affb7cf60 Exception <a 'java/lang/IncompatibleClassChangeError'{0x00000000d6233ac0}: Found class java.lang.Object, but interface was expected> (0x00000000d6233ac0) 
thrown [s\src\hotspot\share\interpreter\linkResolver.cpp, line 840]
Event: 9.759 Thread 0x0000019affb7cf60 Exception <a 'java/lang/NoSuchMethodError'{0x00000000d6237680}: 'java.lang.Object java.lang.invoke.DirectMethodHandle$Holder.invokeSpecial(java.lang.Object, java.lang.Object, java.lang.Object, int, java.lang.Object, java.lang.Object)'> (0x00000000d6237680) 
thrown [s\src\hotspot\share\interpreter\linkResolver.cpp, line 773]
Event: 9.759 Thread 0x0000019affb7cf60 Exception <a 'java/lang/NoSuchMethodError'{0x00000000d623f158}: 'java.lang.Object java.lang.invoke.DirectMethodHandle$Holder.newInvokeSpecial(java.lang.Object, java.lang.Object, java.lang.Object, int, java.lang.Object)'> (0x00000000d623f158) 
thrown [s\src\hotspot\share\interpreter\linkResolver.cpp, line 773]
Event: 9.759 Thread 0x0000019affb7cf60 Exception <a 'java/lang/NoSuchMethodError'{0x00000000d6243118}: 'java.lang.Object java.lang.invoke.DirectMethodHandle$Holder.invokeSpecial(java.lang.Object, java.lang.Object, java.lang.Object, java.lang.Object, int, java.lang.Object)'> (0x00000000d6243118) 
thrown [s\src\hotspot\share\interpreter\linkResolver.cpp, line 773]
Event: 9.760 Thread 0x0000019affb7cf60 Exception <a 'java/lang/NoSuchMethodError'{0x00000000d6246c58}: 'java.lang.Object java.lang.invoke.Invokers$Holder.linkToTargetMethod(java.lang.Object, java.lang.Object, int, java.lang.Object, java.lang.Object)'> (0x00000000d6246c58) 
thrown [s\src\hotspot\share\interpreter\linkResolver.cpp, line 773]
Event: 9.760 Thread 0x0000019affb7bbb0 Exception <a 'java/lang/NoSuchMethodError'{0x00000000d6175010}: 'java.lang.Object java.lang.invoke.DirectMethodHandle$Holder.invokeSpecial(java.lang.Object, java.lang.Object, int, java.lang.Object, java.lang.Object)'> (0x00000000d6175010) 
thrown [s\src\hotspot\share\interpreter\linkResolver.cpp, line 773]
Event: 9.761 Thread 0x0000019affb7bbb0 Exception <a 'java/lang/NoSuchMethodError'{0x00000000d617bd48}: 'java.lang.Object java.lang.invoke.DirectMethodHandle$Holder.newInvokeSpecial(java.lang.Object, java.lang.Object, int, java.lang.Object)'> (0x00000000d617bd48) 
thrown [s\src\hotspot\share\interpreter\linkResolver.cpp, line 773]
Event: 9.761 Thread 0x0000019affb7bbb0 Exception <a 'java/lang/NoSuchMethodError'{0x00000000d617f668}: 'java.lang.Object java.lang.invoke.DirectMethodHandle$Holder.invokeSpecial(java.lang.Object, java.lang.Object, java.lang.Object, int, java.lang.Object)'> (0x00000000d617f668) 
thrown [s\src\hotspot\share\interpreter\linkResolver.cpp, line 773]
Event: 9.783 Thread 0x0000019affb7cf60 Exception <a 'java/lang/NoSuchMethodError'{0x00000000d636d260}: 'void java.lang.invoke.DirectMethodHandle$Holder.invokeSpecial(java.lang.Object, java.lang.Object, java.lang.Object, java.lang.Object, java.lang.Object)'> (0x00000000d636d260) 
thrown [s\src\hotspot\share\interpreter\linkResolver.cpp, line 773]
Event: 9.833 Thread 0x0000019affb7cf60 Exception <a 'java/lang/NoSuchMethodError'{0x00000000d65d8020}: 'double java.lang.invoke.DirectMethodHandle$Holder.invokeStatic(java.lang.Object, java.lang.Object)'> (0x00000000d65d8020) 
thrown [s\src\hotspot\share\interpreter\linkResolver.cpp, line 773]
Event: 9.833 Thread 0x0000019affb7cf60 Exception <a 'java/lang/NoSuchMethodError'{0x00000000d65db6e0}: 'double java.lang.invoke.DirectMethodHandle$Holder.invokeStaticInit(java.lang.Object, java.lang.Object)'> (0x00000000d65db6e0) 
thrown [s\src\hotspot\share\interpreter\linkResolver.cpp, line 773]
Event: 9.991 Thread 0x0000019affb7cf60 Exception <a 'java/io/FileNotFoundException'{0x00000000d5d14300}> (0x00000000d5d14300) 
thrown [s\src\hotspot\share\prims\jni.cpp, line 520]
Event: 9.991 Thread 0x0000019affb7cf60 Exception <a 'java/io/FileNotFoundException'{0x00000000d5d15160}> (0x00000000d5d15160) 
thrown [s\src\hotspot\share\prims\jni.cpp, line 520]
Event: 9.997 Thread 0x0000019affb7cf60 Exception <a 'java/io/FileNotFoundException'{0x00000000d5d160c8}> (0x00000000d5d160c8) 
thrown [s\src\hotspot\share\prims\jni.cpp, line 520]
Event: 10.192 Thread 0x0000019affb7cf60 Exception <a 'java/lang/NoSuchMethodError'{0x00000000d6659848}: 'int java.lang.invoke.DirectMethodHandle$Holder.invokeStaticInit(java.lang.Object, java.lang.Object, java.lang.Object)'> (0x00000000d6659848) 
thrown [s\src\hotspot\share\interpreter\linkResolver.cpp, line 773]
Event: 10.252 Thread 0x0000019affb7cf60 Implicit null exception at 0x0000019a87c077f5 to 0x0000019a87c07908
Event: 10.405 Thread 0x0000019affb7cf60 Exception <a 'java/io/FileNotFoundException'{0x00000000d583d810}> (0x00000000d583d810) 
thrown [s\src\hotspot\share\prims\jni.cpp, line 520]
Event: 10.407 Thread 0x0000019affb7cf60 Exception <a 'java/lang/NoSuchMethodError'{0x00000000d59df598}: 'java.lang.Object java.lang.invoke.DirectMethodHandle$Holder.newInvokeSpecial(java.lang.Object, int, java.lang.Object, java.lang.Object)'> (0x00000000d59df598) 
thrown [s\src\hotspot\share\interpreter\linkResolver.cpp, line 773]
Event: 10.472 Thread 0x0000019affb7cf60 Exception <a 'java/io/FileNotFoundException'{0x00000000d63e32a0}> (0x00000000d63e32a0) 
thrown [s\src\hotspot\share\prims\jni.cpp, line 520]

ZGC Phase Switch (0 events):
No events

VM Operations (20 events):
Event: 8.902 Executing VM operation: Cleanup
Event: 8.902 Executing VM operation: Cleanup done
Event: 9.248 Executing VM operation: HandshakeAllThreads (Deoptimize)
Event: 9.249 Executing VM operation: HandshakeAllThreads (Deoptimize) done
Event: 9.350 Executing VM operation: ParallelGCFailedAllocation (Allocation Failure)
Event: 9.358 Executing VM operation: ParallelGCFailedAllocation (Allocation Failure) done
Event: 9.627 Executing VM operation: HandshakeAllThreads (Deoptimize)
Event: 9.627 Executing VM operation: HandshakeAllThreads (Deoptimize) done
Event: 9.636 Executing VM operation: HandshakeAllThreads (Deoptimize)
Event: 9.636 Executing VM operation: HandshakeAllThreads (Deoptimize) done
Event: 9.657 Executing VM operation: HandshakeAllThreads (Deoptimize)
Event: 9.657 Executing VM operation: HandshakeAllThreads (Deoptimize) done
Event: 9.684 Executing VM operation: HandshakeAllThreads (Deoptimize)
Event: 9.684 Executing VM operation: HandshakeAllThreads (Deoptimize) done
Event: 9.941 Executing VM operation: ParallelGCFailedAllocation (Allocation Failure)
Event: 9.948 Executing VM operation: ParallelGCFailedAllocation (Allocation Failure) done
Event: 10.299 Executing VM operation: ParallelGCFailedAllocation (Allocation Failure)
Event: 10.304 Executing VM operation: ParallelGCFailedAllocation (Allocation Failure) done
Event: 10.313 Executing VM operation: CollectForMetadataAllocation (Metadata GC Threshold)
Event: 10.350 Executing VM operation: CollectForMetadataAllocation (Metadata GC Threshold) done

Memory protections (0 events):
No events

Nmethod flushes (0 events):
No events

Events (20 events):
Event: 2.384 Thread 0x0000019af9deb350 Thread added: 0x0000019afd859d50
Event: 2.384 Thread 0x0000019af9deb350 Thread added: 0x0000019afd85b310
Event: 2.430 Thread 0x0000019af9deb350 Thread added: 0x0000019aff1b4430
Event: 2.914 Thread 0x0000019af9deb350 Thread added: 0x0000019aff3a7a60
Event: 4.541 Thread 0x0000019af9deb350 Thread added: 0x0000019aff7a4fe0
Event: 4.544 Thread 0x0000019aff7a4fe0 Thread added: 0x0000019aff7a5640
Event: 4.549 Thread 0x0000019af9deb350 Thread added: 0x0000019aff7a5ca0
Event: 4.552 Thread 0x0000019af9deb350 Thread added: 0x0000019aff55dd80
Event: 4.554 Thread 0x0000019af9deb350 Thread added: 0x0000019aff55e3e0
Event: 4.557 Thread 0x0000019af9deb350 Thread added: 0x0000019aff55ea40
Event: 4.628 Thread 0x0000019af9deb350 Thread added: 0x0000019aff99f460
Event: 7.242 Thread 0x0000019af9deb350 Thread added: 0x0000019affb9a3d0
Event: 7.245 Thread 0x0000019af9deb350 Thread added: 0x0000019affb7cf60
Event: 7.483 Thread 0x0000019af9deb350 Thread added: 0x0000019affb7a170
Event: 7.550 Thread 0x0000019affb7a170 Thread added: 0x0000019affb7a800
Event: 7.551 Thread 0x0000019affb7a170 Thread added: 0x0000019affb7c8d0
Event: 7.881 Thread 0x0000019affb7cf60 Thread added: 0x0000019affb7ae90
Event: 9.320 Thread 0x0000019affb7cf60 Thread added: 0x0000019affb7b520
Event: 9.740 Thread 0x0000019affb7cf60 Thread added: 0x0000019affb7bbb0
Event: 9.762 Thread 0x0000019affb7cf60 Thread added: 0x0000019affb7c240


Dynamic libraries:
0x00007ff7b2620000 - 0x00007ff7b262e000 	c:\Users\Danusshkumar\.vscode\extensions\redhat.java-1.46.0-win32-x64\jre\21.0.8-win32-x86_64\bin\java.exe
0x00007ffe82190000 - 0x00007ffe823a7000 	C:\WINDOWS\SYSTEM32\ntdll.dll
0x00007ffe48250000 - 0x00007ffe48270000 	C:\Program Files\Avast Software\Avast\aswhook.dll
0x00007ffe80f70000 - 0x00007ffe81034000 	C:\WINDOWS\System32\KERNEL32.DLL
0x00007ffe7f750000 - 0x00007ffe7fb20000 	C:\WINDOWS\System32\KERNELBASE.dll
0x00007ffe7fbd0000 - 0x00007ffe7fce1000 	C:\WINDOWS\System32\ucrtbase.dll
0x00007ffe32ed0000 - 0x00007ffe32eee000 	c:\Users\Danusshkumar\.vscode\extensions\redhat.java-1.46.0-win32-x64\jre\21.0.8-win32-x86_64\bin\VCRUNTIME140.dll
0x00007ffe1d4e0000 - 0x00007ffe1d4f8000 	c:\Users\Danusshkumar\.vscode\extensions\redhat.java-1.46.0-win32-x64\jre\21.0.8-win32-x86_64\bin\jli.dll
0x00007ffe80180000 - 0x00007ffe80331000 	C:\WINDOWS\System32\USER32.dll
0x00007ffe7f660000 - 0x00007ffe7f686000 	C:\WINDOWS\System32\win32u.dll
0x00007ffe803c0000 - 0x00007ffe803e9000 	C:\WINDOWS\System32\GDI32.dll
0x00007ffe7fcf0000 - 0x00007ffe7fe13000 	C:\WINDOWS\System32\gdi32full.dll
0x00007ffe7f450000 - 0x00007ffe7f4ea000 	C:\WINDOWS\System32\msvcp_win.dll
0x00007ffe673a0000 - 0x00007ffe6763c000 	C:\WINDOWS\WinSxS\amd64_microsoft.windows.common-controls_6595b64144ccf1df_6.0.22621.5840_none_2710ea077384a4fe\COMCTL32.dll
0x00007ffe818f0000 - 0x00007ffe81997000 	C:\WINDOWS\System32\msvcrt.dll
0x00007ffe80340000 - 0x00007ffe80371000 	C:\WINDOWS\System32\IMM32.DLL
0x00007ffe7b820000 - 0x00007ffe7b82c000 	c:\Users\Danusshkumar\.vscode\extensions\redhat.java-1.46.0-win32-x64\jre\21.0.8-win32-x86_64\bin\vcruntime140_1.dll
0x00007ffe094f0000 - 0x00007ffe0957d000 	c:\Users\Danusshkumar\.vscode\extensions\redhat.java-1.46.0-win32-x64\jre\21.0.8-win32-x86_64\bin\msvcp140.dll
0x00007ffdb81b0000 - 0x00007ffdb8f47000 	c:\Users\Danusshkumar\.vscode\extensions\redhat.java-1.46.0-win32-x64\jre\21.0.8-win32-x86_64\bin\server\jvm.dll
0x00007ffe81c10000 - 0x00007ffe81cc1000 	C:\WINDOWS\System32\ADVAPI32.dll
0x00007ffe80e40000 - 0x00007ffe80ee8000 	C:\WINDOWS\System32\sechost.dll
0x00007ffe7fb20000 - 0x00007ffe7fb48000 	C:\WINDOWS\System32\bcrypt.dll
0x00007ffe7fe20000 - 0x00007ffe7ff38000 	C:\WINDOWS\System32\RPCRT4.dll
0x00007ffe80ef0000 - 0x00007ffe80f61000 	C:\WINDOWS\System32\WS2_32.dll
0x00007ffe7f170000 - 0x00007ffe7f1bd000 	C:\WINDOWS\SYSTEM32\POWRPROF.dll
0x00007ffe7a770000 - 0x00007ffe7a77a000 	C:\WINDOWS\SYSTEM32\VERSION.dll
0x00007ffe7a280000 - 0x00007ffe7a2b4000 	C:\WINDOWS\SYSTEM32\WINMM.dll
0x00007ffe7f150000 - 0x00007ffe7f163000 	C:\WINDOWS\SYSTEM32\UMPDC.dll
0x00007ffe7e220000 - 0x00007ffe7e238000 	C:\WINDOWS\SYSTEM32\kernel.appcore.dll
0x00007ffe74b30000 - 0x00007ffe74b3a000 	c:\Users\Danusshkumar\.vscode\extensions\redhat.java-1.46.0-win32-x64\jre\21.0.8-win32-x86_64\bin\jimage.dll
0x00007ffe7cdd0000 - 0x00007ffe7d003000 	C:\WINDOWS\SYSTEM32\DBGHELP.DLL
0x00007ffe81140000 - 0x00007ffe814d1000 	C:\WINDOWS\System32\combase.dll
0x00007ffe81530000 - 0x00007ffe81608000 	C:\WINDOWS\System32\OLEAUT32.dll
0x00007ffe756a0000 - 0x00007ffe756d2000 	C:\WINDOWS\SYSTEM32\dbgcore.DLL
0x00007ffe7f290000 - 0x00007ffe7f30b000 	C:\WINDOWS\System32\bcryptPrimitives.dll
0x00007ffe74600000 - 0x00007ffe7460f000 	c:\Users\Danusshkumar\.vscode\extensions\redhat.java-1.46.0-win32-x64\jre\21.0.8-win32-x86_64\bin\instrument.dll
0x00007ffe42bd0000 - 0x00007ffe42bef000 	c:\Users\Danusshkumar\.vscode\extensions\redhat.java-1.46.0-win32-x64\jre\21.0.8-win32-x86_64\bin\java.dll
0x00007ffe803f0000 - 0x00007ffe80c91000 	C:\WINDOWS\System32\SHELL32.dll
0x00007ffe7f310000 - 0x00007ffe7f44f000 	C:\WINDOWS\System32\wintypes.dll
0x00007ffe7d110000 - 0x00007ffe7da2a000 	C:\WINDOWS\SYSTEM32\windows.storage.dll
0x00007ffe7ff50000 - 0x00007ffe8005a000 	C:\WINDOWS\System32\SHCORE.dll
0x00007ffe80060000 - 0x00007ffe800c9000 	C:\WINDOWS\System32\shlwapi.dll
0x00007ffe7f1c0000 - 0x00007ffe7f1e5000 	C:\WINDOWS\SYSTEM32\profapi.dll
0x00007ffe1a5e0000 - 0x00007ffe1a5f8000 	c:\Users\Danusshkumar\.vscode\extensions\redhat.java-1.46.0-win32-x64\jre\21.0.8-win32-x86_64\bin\zip.dll
0x00007ffe66df0000 - 0x00007ffe66e00000 	C:\Users\Danusshkumar\.vscode\extensions\redhat.java-1.46.0-win32-x64\jre\21.0.8-win32-x86_64\bin\net.dll
0x00007ffe7b140000 - 0x00007ffe7b26c000 	C:\WINDOWS\SYSTEM32\WINHTTP.dll
0x00007ffe7e6e0000 - 0x00007ffe7e749000 	C:\WINDOWS\system32\mswsock.dll
0x00007ffe15560000 - 0x00007ffe15576000 	C:\Users\Danusshkumar\.vscode\extensions\redhat.java-1.46.0-win32-x64\jre\21.0.8-win32-x86_64\bin\nio.dll
0x00007ffe609a0000 - 0x00007ffe609b0000 	c:\Users\Danusshkumar\.vscode\extensions\redhat.java-1.46.0-win32-x64\jre\21.0.8-win32-x86_64\bin\verify.dll
0x00007ffe112e0000 - 0x00007ffe11324000 	C:\Users\Danusshkumar\AppData\Roaming\Code\User\globalStorage\redhat.java\1.46.0\config_ss_win\org.eclipse.equinox.launcher\org.eclipse.equinox.launcher.win32.win32.x86_64_1.2.1400.v20250801-0854\eclipse_11916.dll
0x00007ffe80ca0000 - 0x00007ffe80e40000 	C:\WINDOWS\System32\ole32.dll
0x00007ffe35570000 - 0x00007ffe3557a000 	C:\Users\Danusshkumar\.vscode\extensions\redhat.java-1.46.0-win32-x64\jre\21.0.8-win32-x86_64\bin\management.dll
0x00007ffe1d610000 - 0x00007ffe1d61b000 	C:\Users\Danusshkumar\.vscode\extensions\redhat.java-1.46.0-win32-x64\jre\21.0.8-win32-x86_64\bin\management_ext.dll
0x00007ffe7ff40000 - 0x00007ffe7ff48000 	C:\WINDOWS\System32\PSAPI.DLL

JVMTI agents:
c:\Users\Danusshkumar\.vscode\extensions\redhat.java-1.46.0-win32-x64\lombok\lombok-1.18.39-4050.jar path:c:\Users\Danusshkumar\.vscode\extensions\redhat.java-1.46.0-win32-x64\jre\21.0.8-win32-x86_64\bin\instrument.dll, loaded, initialized, instrumentlib options:none

dbghelp: loaded successfully - version: 4.0.5 - missing functions: none
symbol engine: initialized successfully - sym options: 0x614 - pdb path: .;c:\Users\Danusshkumar\.vscode\extensions\redhat.java-1.46.0-win32-x64\jre\21.0.8-win32-x86_64\bin;C:\WINDOWS\SYSTEM32;C:\Program Files\Avast Software\Avast;C:\WINDOWS\WinSxS\amd64_microsoft.windows.common-controls_6595b64144ccf1df_6.0.22621.5840_none_2710ea077384a4fe;c:\Users\Danusshkumar\.vscode\extensions\redhat.java-1.46.0-win32-x64\jre\21.0.8-win32-x86_64\bin\server;C:\Users\Danusshkumar\AppData\Roaming\Code\User\globalStorage\redhat.java\1.46.0\config_ss_win\org.eclipse.equinox.launcher\org.eclipse.equinox.launcher.win32.win32.x86_64_1.2.1400.v20250801-0854

VM Arguments:
jvm_args: --add-modules=ALL-SYSTEM --add-opens=java.base/java.util=ALL-UNNAMED --add-opens=java.base/java.lang=ALL-UNNAMED --add-opens=java.base/sun.nio.fs=ALL-UNNAMED -Declipse.application=org.eclipse.jdt.ls.core.id1 -Dosgi.bundles.defaultStartLevel=4 -Declipse.product=org.eclipse.jdt.ls.core.product -Djava.import.generatesMetadataFilesAtProjectRoot=false -DDetectVMInstallationsJob.disabled=true -Dfile.encoding=utf8 -XX:+UseParallelGC -XX:GCTimeRatio=4 -XX:AdaptiveSizePolicyWeight=90 -Dsun.zip.disableMemoryMapping=true -Xmx2G -Xms100m -Xlog:disable -javaagent:c:\Users\Danusshkumar\.vscode\extensions\redhat.java-1.46.0-win32-x64\lombok\lombok-1.18.39-4050.jar 
java_command: c:\Users\Danusshkumar\.vscode\extensions\redhat.java-1.46.0-win32-x64\server\plugins\org.eclipse.equinox.launcher_1.7.0.v20250519-0528.jar -configuration c:\Users\Danusshkumar\AppData\Roaming\Code\User\globalStorage\redhat.java\1.46.0\config_ss_win -data c:\Users\Danusshkumar\AppData\Roaming\Code\User\workspaceStorage\8e926844a49a3e517cfefa697b0d0e7f\redhat.java\ss_ws --pipe=\\.\pipe\lsp-6d7e23d1687e63deda01f157911b330c-sock
java_class_path (initial): c:\Users\Danusshkumar\.vscode\extensions\redhat.java-1.46.0-win32-x64\server\plugins\org.eclipse.equinox.launcher_1.7.0.v20250519-0528.jar
Launcher Type: SUN_STANDARD

[Global flags]
    uintx AdaptiveSizePolicyWeight                 = 90                                        {product} {command line}
     intx CICompilerCount                          = 4                                         {product} {ergonomic}
    uintx GCTimeRatio                              = 4                                         {product} {command line}
   size_t InitialHeapSize                          = 104857600                                 {product} {command line}
   size_t MaxHeapSize                              = 2147483648                                {product} {command line}
   size_t MaxNewSize                               = 715653120                                 {product} {ergonomic}
   size_t MinHeapDeltaBytes                        = 524288                                    {product} {ergonomic}
   size_t MinHeapSize                              = 104857600                                 {product} {command line}
   size_t NewSize                                  = 34603008                                  {product} {ergonomic}
    uintx NonNMethodCodeHeapSize                   = 5839372                                {pd product} {ergonomic}
    uintx NonProfiledCodeHeapSize                  = 122909434                              {pd product} {ergonomic}
   size_t OldSize                                  = 70254592                                  {product} {ergonomic}
    uintx ProfiledCodeHeapSize                     = 122909434                              {pd product} {ergonomic}
    uintx ReservedCodeCacheSize                    = 251658240                              {pd product} {ergonomic}
     bool SegmentedCodeCache                       = true                                      {product} {ergonomic}
   size_t SoftMaxHeapSize                          = 2147483648                             {manageable} {ergonomic}
     bool UseCompressedOops                        = true                           {product lp64_product} {ergonomic}
     bool UseLargePagesIndividualAllocation        = false                                  {pd product} {ergonomic}
     bool UseParallelGC                            = true                                      {product} {command line}

Logging:
Log output configuration:
 #0: stdout all=off uptime,level,tags foldmultilines=false
 #1: stderr all=off uptime,level,tags foldmultilines=false

Environment Variables:
PATH=C:\Program Files\Common Files\Oracle\Java\javapath;C:\WINDOWS\system32;C:\WINDOWS;C:\WINDOWS\System32\Wbem;C:\WINDOWS\System32\WindowsPowerShell\v1.0\;C:\WINDOWS\System32\OpenSSH\;C:\Program Files\dotnet\;C:\Program Files\GitHub CLI\;C:\Program Files\HP\HP One Agent;C:\Program Files (x86)\Microsoft SQL Server\160\Tools\Binn\;C:\Program Files\Microsoft SQL Server\160\Tools\Binn\;C:\Program Files\Microsoft SQL Server\Client SDK\ODBC\170\Tools\Binn\;C:\Program Files\Microsoft SQL Server\160\DTS\Binn\;C:\Users\Danusshkumar\AppData\Roaming\nvm;C:\Program Files\nodejs;C:\Program Files\Git\cmd;C:\Ruby33-x64\bin;C:\Program Files\MySQL\MySQL Shell 8.0\bin\;C:\Windows\system32;C:\Windows;C:\Windows\System32\Wbem;C:\Windows\System32\WindowsPowerShell\v1.0\;C:\Windows\System32\OpenSSH\;C:\Users\Danusshkumar\AppData\Local\Microsoft\WindowsApps;C:\Python34\Scripts;C:\Users\Danusshkumar\AppData\Local\Microsoft\WindowsApps;C:\mingw-18.0-without-git\MinGW\bin;C:\Program Files\JetBrains\IntelliJ IDEA Community Edition 2022.1\bin;C:\flutter\bin;C:\Program Files;C:\ProgramData\Microsoft\Windows\Start Menu\Programs\;C:\Program Files\Java\jdk-11.0.15.1\bin;C:\Users\Danusshkumar\AppData\Local\Programs\Hyper\resources\bin;C:\Program Files\MongoDB\Server\4.0\bin;C:\Program Files\heroku\bin;C:\Program Files\JetBrains\PyCharm Community Edition 2023.1.1\bin;;D:\My Files\My Academics\My Projects\Django projects\pyWrapper\Scripts;C:\Users\Danusshkumar\AppData\Local\Programs\Microsoft VS Code\bin;C:\Users\Danusshkumar\AppData\Roaming\npm;C:\Program Files\MySQL\MySQL Server 8.0\bin;C:\Program Files\MySQL\MySQL Server 9.0\bin;C:\Users\Danusshkumar\AppData\Roaming\nvm;C:\Program Files\nodejs;D:\Apps\scrcpy-win64-v3.1;C:\platform-tools;C:\Program Files\Git;C:\Program Files\nvim-win64\nvim-win64\bin;
USERNAME=Danusshkumar
OS=Windows_NT
PROCESSOR_IDENTIFIER=Intel64 Family 6 Model 140 Stepping 1, GenuineIntel
TMP=C:\Users\DANUSS~1\AppData\Local\Temp
TEMP=C:\Users\DANUSS~1\AppData\Local\Temp




Periodic native trim disabled

---------------  S Y S T E M  ---------------

OS:
 Windows 11 , 64 bit Build 22621 (10.0.22621.5415)
OS uptime: 3 days 14:28 hours
Hyper-V role detected

CPU: total 8 (initial active 8) (4 cores per cpu, 2 threads per core) family 6 model 140 stepping 1 microcode 0xb4, cx8, cmov, fxsr, ht, mmx, 3dnowpref, sse, sse2, sse3, ssse3, sse4.1, sse4.2, popcnt, lzcnt, tsc, tscinvbit, avx, avx2, aes, erms, clmul, bmi1, bmi2, adx, avx512f, avx512dq, avx512cd, avx512bw, avx512vl, sha, fma, vzeroupper, avx512_vpopcntdq, avx512_vpclmulqdq, avx512_vaes, avx512_vnni, clflush, clflushopt, clwb, avx512_vbmi2, avx512_vbmi, hv, rdtscp, rdpid, fsrm, gfni, avx512_bitalg, f16c, cet_ibt, cet_ss, avx512_ifma
Processor Information for the first 8 processors :
  Max Mhz: 2401, Current Mhz: 2401, Mhz Limit: 2401

Memory: 4k page, system-wide physical 3738M (55M free)
TotalPageFile size 15002M (AvailPageFile size 4M)
current process WorkingSet (physical memory assigned to process): 144M, peak: 144M
current process commit charge ("private bytes"): 283M, peak: 284M

vm_info: OpenJDK 64-Bit Server VM (21.0.8+9-LTS) for windows-amd64 JRE (21.0.8+9-LTS), built on 2025-07-15T00:00:00Z by "admin" with MS VC++ 17.7 (VS2022)

END.
