#
# There is insufficient memory for the Java Runtime Environment to continue.
# Native memory allocation (malloc) failed to allocate 152256 bytes. Error detail: Chunk::new
# Possible reasons:
#   The system is out of physical RAM or swap space
#   This process is running with CompressedOops enabled, and the Java Heap may be blocking the growth of the native heap
# Possible solutions:
#   Reduce memory load on the system
#   Increase physical memory or swap space
#   Check if swap backing store is full
#   Decrease Java heap size (-Xmx/-Xms)
#   Decrease number of Java threads
#   Decrease Java thread stack sizes (-Xss)
#   Set larger code cache with -XX:ReservedCodeCacheSize=
#   JVM is running with Unscaled Compressed Oops mode in which the Java heap is
#     placed in the first 4GB address space. The Java Heap base address is the
#     maximum limit for the native heap growth. Please use -XX:HeapBaseMinAddress
#     to set the Java Heap base and to place the Java Heap above 4GB virtual address.
# This output file may be truncated or incomplete.
#
#  Out of Memory Error (arena.cpp:168), pid=13816, tid=912
#
# JRE version: OpenJDK Runtime Environment Temurin-21.0.8+9 (21.0.8+9) (build 21.0.8+9-LTS)
# Java VM: OpenJDK 64-Bit Server VM Temurin-21.0.8+9 (21.0.8+9-LTS, mixed mode, sharing, tiered, compressed oops, compressed class ptrs, parallel gc, windows-amd64)
# No core dump will be written. Minidumps are not enabled by default on client versions of Windows
#

---------------  S U M M A R Y ------------

Command Line: --add-modules=ALL-SYSTEM --add-opens=java.base/java.util=ALL-UNNAMED --add-opens=java.base/java.lang=ALL-UNNAMED --add-opens=java.base/sun.nio.fs=ALL-UNNAMED -Declipse.application=org.eclipse.jdt.ls.core.id1 -Dosgi.bundles.defaultStartLevel=4 -Declipse.product=org.eclipse.jdt.ls.core.product -Djava.import.generatesMetadataFilesAtProjectRoot=false -DDetectVMInstallationsJob.disabled=true -Dfile.encoding=utf8 -XX:+UseParallelGC -XX:GCTimeRatio=4 -XX:AdaptiveSizePolicyWeight=90 -Dsun.zip.disableMemoryMapping=true -Xmx2G -Xms100m -Xlog:disable -javaagent:c:\Users\Danusshkumar\.vscode\extensions\redhat.java-1.46.0-win32-x64\lombok\lombok-1.18.39-4050.jar -XX:+HeapDumpOnOutOfMemoryError -XX:HeapDumpPath=c:\Users\Danusshkumar\AppData\Roaming\Code\User\workspaceStorage\8e926844a49a3e517cfefa697b0d0e7f\redhat.java -Daether.dependencyCollector.impl=bf c:\Users\Danusshkumar\.vscode\extensions\redhat.java-1.46.0-win32-x64\server\plugins\org.eclipse.equinox.launcher_1.7.0.v20250519-0528.jar -configuration c:\Users\Danusshkumar\AppData\Roaming\Code\User\globalStorage\redhat.java\1.46.0\config_win -data c:\Users\Danusshkumar\AppData\Roaming\Code\User\workspaceStorage\8e926844a49a3e517cfefa697b0d0e7f\redhat.java\jdt_ws --pipe=\\.\pipe\lsp-09487b673fe2f6bc8ac291ff90ac5847-sock

Host: 11th Gen Intel(R) Core(TM) i5-1135G7 @ 2.40GHz, 8 cores, 3G,  Windows 11 , 64 bit Build 22621 (10.0.22621.5415)
Time: Fri Oct 10 23:06:21 2025 India Standard Time elapsed time: 10.580309 seconds (0d 0h 0m 10s)

---------------  T H R E A D  ---------------

Current thread (0x00000153e2a9a1f0):  JavaThread "C2 CompilerThread0" daemon [_thread_in_native, id=912, stack(0x00000027fda00000,0x00000027fdb00000) (1024K)]


Current CompileTask:
C2:10580 2782 % !   4       org.eclipse.osgi.storage.bundlefile.CloseableBundleFile::containsDir @ 117 (168 bytes)

Stack: [0x00000027fda00000,0x00000027fdb00000]
Native frames: (J=compiled Java code, j=interpreted, Vv=VM code, C=native code)
V  [jvm.dll+0x6d2449]
V  [jvm.dll+0x8ae341]
V  [jvm.dll+0x8b08be]
V  [jvm.dll+0x8b0fa3]
V  [jvm.dll+0x280c96]
V  [jvm.dll+0xc581d]
V  [jvm.dll+0xc5d53]
V  [jvm.dll+0x3b919c]
V  [jvm.dll+0x385315]
V  [jvm.dll+0x38477a]
V  [jvm.dll+0x248ed0]
V  [jvm.dll+0x2484af]
V  [jvm.dll+0x1c89ee]
V  [jvm.dll+0x257d4d]
V  [jvm.dll+0x2562ea]
V  [jvm.dll+0x3f2d16]
V  [jvm.dll+0x857e6b]
V  [jvm.dll+0x6d0b0d]
C  [ucrtbase.dll+0x29333]
C  [KERNEL32.DLL+0x1259d]
C  [ntdll.dll+0x5af78]


---------------  P R O C E S S  ---------------

Threads class SMR info:
_java_thread_list=0x00000153e43d1ee0, length=24, elements={
0x00000153cc0264e0, 0x00000153e2a88400, 0x00000153cc0de7d0, 0x00000153e2a8cd70,
0x00000153e2a8e670, 0x00000153e2a91eb0, 0x00000153e2a96f40, 0x00000153e2a9a1f0,
0x00000153e2a9b8e0, 0x00000153e43e2120, 0x00000153e4660260, 0x00000153e4ae6720,
0x00000153e4b2a030, 0x00000153e4b2a690, 0x00000153e49b7910, 0x00000153e49b7f70,
0x00000153e4b540e0, 0x00000153e49ad8f0, 0x00000153e4c8aeb0, 0x00000153e4997ff0,
0x00000153e4995890, 0x00000153e4998680, 0x00000153e4995f20, 0x00000153e49965b0
}

Java Threads: ( => current thread )
  0x00000153cc0264e0 JavaThread "main"                              [_thread_blocked, id=9292, stack(0x00000027fd000000,0x00000027fd100000) (1024K)]
  0x00000153e2a88400 JavaThread "Reference Handler"          daemon [_thread_blocked, id=2496, stack(0x00000027fd400000,0x00000027fd500000) (1024K)]
  0x00000153cc0de7d0 JavaThread "Finalizer"                  daemon [_thread_blocked, id=908, stack(0x00000027fd500000,0x00000027fd600000) (1024K)]
  0x00000153e2a8cd70 JavaThread "Signal Dispatcher"          daemon [_thread_blocked, id=18220, stack(0x00000027fd600000,0x00000027fd700000) (1024K)]
  0x00000153e2a8e670 JavaThread "Attach Listener"            daemon [_thread_blocked, id=18572, stack(0x00000027fd700000,0x00000027fd800000) (1024K)]
  0x00000153e2a91eb0 JavaThread "Service Thread"             daemon [_thread_blocked, id=3416, stack(0x00000027fd800000,0x00000027fd900000) (1024K)]
  0x00000153e2a96f40 JavaThread "Monitor Deflation Thread"   daemon [_thread_blocked, id=3428, stack(0x00000027fd900000,0x00000027fda00000) (1024K)]
=>0x00000153e2a9a1f0 JavaThread "C2 CompilerThread0"         daemon [_thread_in_native, id=912, stack(0x00000027fda00000,0x00000027fdb00000) (1024K)]
  0x00000153e2a9b8e0 JavaThread "C1 CompilerThread0"         daemon [_thread_blocked, id=3612, stack(0x00000027fdb00000,0x00000027fdc00000) (1024K)]
  0x00000153e43e2120 JavaThread "Common-Cleaner"             daemon [_thread_blocked, id=15256, stack(0x00000027fdc00000,0x00000027fdd00000) (1024K)]
  0x00000153e4660260 JavaThread "Notification Thread"        daemon [_thread_blocked, id=15376, stack(0x00000027fdd00000,0x00000027fde00000) (1024K)]
  0x00000153e4ae6720 JavaThread "Equinox resolver thread - Equinox Container: 89c4f71e-c60e-463a-84c7-c52097b054b5" daemon [_thread_blocked, id=12460, stack(0x00000027fe400000,0x00000027fe500000) (1024K)]
  0x00000153e4b2a030 JavaThread "Equinox resolver thread - Equinox Container: 89c4f71e-c60e-463a-84c7-c52097b054b5" daemon [_thread_blocked, id=15372, stack(0x00000027fe500000,0x00000027fe600000) (1024K)]
  0x00000153e4b2a690 JavaThread "Equinox resolver thread - Equinox Container: 89c4f71e-c60e-463a-84c7-c52097b054b5" daemon [_thread_blocked, id=7564, stack(0x00000027fe600000,0x00000027fe700000) (1024K)]
  0x00000153e49b7910 JavaThread "Equinox resolver thread - Equinox Container: 89c4f71e-c60e-463a-84c7-c52097b054b5" daemon [_thread_blocked, id=13864, stack(0x00000027fe700000,0x00000027fe800000) (1024K)]
  0x00000153e49b7f70 JavaThread "Equinox resolver thread - Equinox Container: 89c4f71e-c60e-463a-84c7-c52097b054b5" daemon [_thread_blocked, id=8536, stack(0x00000027fe800000,0x00000027fe900000) (1024K)]
  0x00000153e4b540e0 JavaThread "Equinox resolver thread - Equinox Container: 89c4f71e-c60e-463a-84c7-c52097b054b5" daemon [_thread_blocked, id=688, stack(0x00000027fe900000,0x00000027fea00000) (1024K)]
  0x00000153e49ad8f0 JavaThread "Active Thread: Equinox Container: 89c4f71e-c60e-463a-84c7-c52097b054b5"        [_thread_blocked, id=16680, stack(0x00000027fea00000,0x00000027feb00000) (1024K)]
  0x00000153e4c8aeb0 JavaThread "Framework Event Dispatcher: Equinox Container: 89c4f71e-c60e-463a-84c7-c52097b054b5" daemon [_thread_blocked, id=18068, stack(0x00000027fec00000,0x00000027fed00000) (1024K)]
  0x00000153e4997ff0 JavaThread "Start Level: Equinox Container: 89c4f71e-c60e-463a-84c7-c52097b054b5" daemon [_thread_in_native, id=13952, stack(0x00000027fed00000,0x00000027fee00000) (1024K)]
  0x00000153e4995890 JavaThread "Refresh Thread: Equinox Container: 89c4f71e-c60e-463a-84c7-c52097b054b5" daemon [_thread_blocked, id=11748, stack(0x00000027fee00000,0x00000027fef00000) (1024K)]
  0x00000153e4998680 JavaThread "Equinox resolver thread - Equinox Container: 89c4f71e-c60e-463a-84c7-c52097b054b5" daemon [_thread_blocked, id=14288, stack(0x00000027fef00000,0x00000027ff000000) (1024K)]
  0x00000153e4995f20 JavaThread "Equinox resolver thread - Equinox Container: 89c4f71e-c60e-463a-84c7-c52097b054b5" daemon [_thread_blocked, id=15772, stack(0x00000027ff000000,0x00000027ff100000) (1024K)]
  0x00000153e49965b0 JavaThread "Bundle File Closer"         daemon [_thread_blocked, id=14252, stack(0x00000027ff100000,0x00000027ff200000) (1024K)]
Total: 24

Other Threads:
  0x00000153cc0c6730 VMThread "VM Thread"                           [id=9788, stack(0x00000027fd300000,0x00000027fd400000) (1024K)]
  0x00000153cc092ec0 WatcherThread "VM Periodic Task Thread"        [id=12608, stack(0x00000027fd200000,0x00000027fd300000) (1024K)]
  0x00000153cc045a30 WorkerThread "GC Thread#0"                     [id=14012, stack(0x00000027fd100000,0x00000027fd200000) (1024K)]
  0x00000153e49ea130 WorkerThread "GC Thread#1"                     [id=6016, stack(0x00000027fde00000,0x00000027fdf00000) (1024K)]
  0x00000153e49ea4d0 WorkerThread "GC Thread#2"                     [id=2316, stack(0x00000027fdf00000,0x00000027fe000000) (1024K)]
  0x00000153e49ea870 WorkerThread "GC Thread#3"                     [id=14976, stack(0x00000027fe000000,0x00000027fe100000) (1024K)]
  0x00000153e49eac10 WorkerThread "GC Thread#4"                     [id=5248, stack(0x00000027fe100000,0x00000027fe200000) (1024K)]
  0x00000153e49eafb0 WorkerThread "GC Thread#5"                     [id=17912, stack(0x00000027fe200000,0x00000027fe300000) (1024K)]
  0x00000153e46a42b0 WorkerThread "GC Thread#6"                     [id=8100, stack(0x00000027fe300000,0x00000027fe400000) (1024K)]
  0x00000153e49c5d60 WorkerThread "GC Thread#7"                     [id=10072, stack(0x00000027feb00000,0x00000027fec00000) (1024K)]
Total: 10

Threads with active compile tasks:
C2 CompilerThread0  10617 2782 % !   4       org.eclipse.osgi.storage.bundlefile.CloseableBundleFile::containsDir @ 117 (168 bytes)
Total: 1

VM state: not at safepoint (normal execution)

VM Mutex/Monitor currently owned by a thread: None

Heap address: 0x0000000080000000, size: 2048 MB, Compressed Oops mode: 32-bit

CDS archive(s) mapped at: [0x0000015380000000-0x0000015380ba0000-0x0000015380ba0000), size 12189696, SharedBaseAddress: 0x0000015380000000, ArchiveRelocationMode: 1.
Compressed class space mapped at: 0x0000015381000000-0x00000153c1000000, reserved size: 1073741824
Narrow klass base: 0x0000015380000000, Narrow klass shift: 0, Narrow klass range: 0x100000000

GC Precious Log:
 CardTable entry size: 512
 CPUs: 8 total, 8 available
 Memory: 3738M
 Large Page Support: Disabled
 NUMA Support: Disabled
 Compressed Oops: Enabled (32-bit)
 Alignments: Space 512K, Generation 512K, Heap 2M
 Heap Min Capacity: 100M
 Heap Initial Capacity: 100M
 Heap Max Capacity: 2G
 Pre-touch: Disabled
 Parallel Workers: 8

Heap:
 PSYoungGen      total 29696K, used 15520K [0x00000000d5580000, 0x00000000d7680000, 0x0000000100000000)
  eden space 25600K, 44% used [0x00000000d5580000,0x00000000d60a8940,0x00000000d6e80000)
  from space 4096K, 99% used [0x00000000d7280000,0x00000000d767f950,0x00000000d7680000)
  to   space 4096K, 0% used [0x00000000d6e80000,0x00000000d6e80000,0x00000000d7280000)
 ParOldGen       total 68608K, used 6323K [0x0000000080000000, 0x0000000084300000, 0x00000000d5580000)
  object space 68608K, 9% used [0x0000000080000000,0x000000008062cdd8,0x0000000084300000)
 Metaspace       used 10152K, committed 10432K, reserved 1114112K
  class space    used 1051K, committed 1152K, reserved 1048576K

Card table byte_map: [0x00000153cb9d0000,0x00000153cbde0000] _byte_map_base: 0x00000153cb5d0000

Marking Bits: (ParMarkBitMap*) 0x00007ffdb8e6a340
 Begin Bits: [0x00000153de4c0000, 0x00000153e04c0000)
 End Bits:   [0x00000153e04c0000, 0x00000153e24c0000)

Polling page: 0x00000153c9f00000

Metaspace:

Usage:
  Non-class:      8.89 MB used.
      Class:      1.03 MB used.
       Both:      9.91 MB used.

Virtual space:
  Non-class space:       64.00 MB reserved,       9.06 MB ( 14%) committed,  1 nodes.
      Class space:        1.00 GB reserved,       1.12 MB ( <1%) committed,  1 nodes.
             Both:        1.06 GB reserved,      10.19 MB ( <1%) committed. 

Chunk freelists:
   Non-Class:  6.11 MB
       Class:  14.75 MB
        Both:  20.86 MB

MaxMetaspaceSize: unlimited
CompressedClassSpaceSize: 1.00 GB
Initial GC threshold: 21.00 MB
Current GC threshold: 21.00 MB
CDS: on
 - commit_granule_bytes: 65536.
 - commit_granule_words: 8192.
 - virtual_space_node_default_size: 8388608.
 - enlarge_chunks_in_place: 1.
 - use_allocation_guard: 0.


Internal statistics:

num_allocs_failed_limit: 0.
num_arena_births: 256.
num_arena_deaths: 0.
num_vsnodes_births: 2.
num_vsnodes_deaths: 0.
num_space_committed: 163.
num_space_uncommitted: 0.
num_chunks_returned_to_freelist: 0.
num_chunks_taken_from_freelist: 510.
num_chunk_merges: 0.
num_chunk_splits: 332.
num_chunks_enlarged: 230.
num_inconsistent_stats: 0.

CodeHeap 'non-profiled nmethods': size=120000Kb used=1117Kb max_used=1117Kb free=118882Kb
 bounds [0x00000153d6ce0000, 0x00000153d6f50000, 0x00000153de210000]
CodeHeap 'profiled nmethods': size=120000Kb used=5477Kb max_used=5477Kb free=114522Kb
 bounds [0x00000153cf210000, 0x00000153cf770000, 0x00000153d6740000]
CodeHeap 'non-nmethods': size=5760Kb used=1241Kb max_used=1261Kb free=4518Kb
 bounds [0x00000153d6740000, 0x00000153d69b0000, 0x00000153d6ce0000]
CodeCache: size=245760Kb, used=7835Kb, max_used=7855Kb, free=237922Kb
 total_blobs=3275, nmethods=2783, adapters=398, full_count=0
Compilation: enabled, stopped_count=0, restarted_count=0

Compilation events (20 events):
Event: 9.599 Thread 0x00000153e2a9b8e0 nmethod 2774% 0x00000153cf763790 code [0x00000153cf7639c0, 0x00000153cf764460]
Event: 9.603 Thread 0x00000153e2a9b8e0 2775       3       java.lang.ThreadLocal$ThreadLocalMap::set (133 bytes)
Event: 9.604 Thread 0x00000153e2a9b8e0 nmethod 2775 0x00000153cf764810 code [0x00000153cf764aa0, 0x00000153cf7656b0]
Event: 9.621 Thread 0x00000153e2a9b8e0 2776       3       java.util.jar.Manifest$FastInputStream::readLine (296 bytes)
Event: 9.622 Thread 0x00000153e2a9b8e0 nmethod 2776 0x00000153cf765b90 code [0x00000153cf765dc0, 0x00000153cf766628]
Event: 9.622 Thread 0x00000153e2a9b8e0 2777       1       org.osgi.framework.Version::getMajor (5 bytes)
Event: 9.622 Thread 0x00000153e2a9b8e0 nmethod 2777 0x00000153d6df6790 code [0x00000153d6df6920, 0x00000153d6df69e8]
Event: 9.738 Thread 0x00000153e2a9b8e0 2778       3       java.util.jar.Attributes$Name::hash (148 bytes)
Event: 9.739 Thread 0x00000153e2a9b8e0 nmethod 2778 0x00000153cf766990 code [0x00000153cf766c20, 0x00000153cf767868]
Event: 10.279 Thread 0x00000153e2a9b8e0 2779       3       java.util.jar.Manifest$FastInputStream::peek (38 bytes)
Event: 10.279 Thread 0x00000153e2a9a1f0 2780 %     4       java.lang.StringLatin1::indexOf @ 30 (121 bytes)
Event: 10.279 Thread 0x00000153e2a9b8e0 nmethod 2779 0x00000153cf767d10 code [0x00000153cf767ec0, 0x00000153cf7680d0]
Event: 10.286 Thread 0x00000153e2a9a1f0 nmethod 2780% 0x00000153d6df6a90 code [0x00000153d6df6c40, 0x00000153d6df6f88]
Event: 10.286 Thread 0x00000153e2a9a1f0 2781       4       java.nio.ByteBuffer::position (8 bytes)
Event: 10.287 Thread 0x00000153e2a9a1f0 nmethod 2781 0x00000153d6df7190 code [0x00000153d6df7320, 0x00000153d6df7410]
Event: 10.568 Thread 0x00000153e2a9b8e0 2783       3       java.lang.Long::stringSize (55 bytes)
Event: 10.568 Thread 0x00000153e2a9a1f0 2782 % !   4       org.eclipse.osgi.storage.bundlefile.CloseableBundleFile::containsDir @ 117 (168 bytes)
Event: 10.568 Thread 0x00000153e2a9b8e0 nmethod 2783 0x00000153cf768210 code [0x00000153cf7683c0, 0x00000153cf768628]
Event: 10.568 Thread 0x00000153e2a9b8e0 2784       3       java.lang.Long::getChars (195 bytes)
Event: 10.569 Thread 0x00000153e2a9b8e0 nmethod 2784 0x00000153cf768710 code [0x00000153cf768900, 0x00000153cf768f00]

GC Heap History (8 events):
Event: 3.612 GC heap before
{Heap before GC invocations=1 (full 0):
 PSYoungGen      total 29696K, used 25600K [0x00000000d5580000, 0x00000000d7680000, 0x0000000100000000)
  eden space 25600K, 100% used [0x00000000d5580000,0x00000000d6e80000,0x00000000d6e80000)
  from space 4096K, 0% used [0x00000000d7280000,0x00000000d7280000,0x00000000d7680000)
  to   space 4096K, 0% used [0x00000000d6e80000,0x00000000d6e80000,0x00000000d7280000)
 ParOldGen       total 68608K, used 0K [0x0000000080000000, 0x0000000084300000, 0x00000000d5580000)
  object space 68608K, 0% used [0x0000000080000000,0x0000000080000000,0x0000000084300000)
 Metaspace       used 4439K, committed 4672K, reserved 1114112K
  class space    used 488K, committed 576K, reserved 1048576K
}
Event: 3.640 GC heap after
{Heap after GC invocations=1 (full 0):
 PSYoungGen      total 29696K, used 3319K [0x00000000d5580000, 0x00000000d7680000, 0x0000000100000000)
  eden space 25600K, 0% used [0x00000000d5580000,0x00000000d5580000,0x00000000d6e80000)
  from space 4096K, 81% used [0x00000000d6e80000,0x00000000d71bde08,0x00000000d7280000)
  to   space 4096K, 0% used [0x00000000d7280000,0x00000000d7280000,0x00000000d7680000)
 ParOldGen       total 68608K, used 16K [0x0000000080000000, 0x0000000084300000, 0x00000000d5580000)
  object space 68608K, 0% used [0x0000000080000000,0x0000000080004000,0x0000000084300000)
 Metaspace       used 4439K, committed 4672K, reserved 1114112K
  class space    used 488K, committed 576K, reserved 1048576K
}
Event: 7.238 GC heap before
{Heap before GC invocations=2 (full 0):
 PSYoungGen      total 29696K, used 28919K [0x00000000d5580000, 0x00000000d7680000, 0x0000000100000000)
  eden space 25600K, 100% used [0x00000000d5580000,0x00000000d6e80000,0x00000000d6e80000)
  from space 4096K, 81% used [0x00000000d6e80000,0x00000000d71bde08,0x00000000d7280000)
  to   space 4096K, 0% used [0x00000000d7280000,0x00000000d7280000,0x00000000d7680000)
 ParOldGen       total 68608K, used 16K [0x0000000080000000, 0x0000000084300000, 0x00000000d5580000)
  object space 68608K, 0% used [0x0000000080000000,0x0000000080004000,0x0000000084300000)
 Metaspace       used 8300K, committed 8576K, reserved 1114112K
  class space    used 881K, committed 1024K, reserved 1048576K
}
Event: 7.243 GC heap after
{Heap after GC invocations=2 (full 0):
 PSYoungGen      total 29696K, used 4071K [0x00000000d5580000, 0x00000000d7680000, 0x0000000100000000)
  eden space 25600K, 0% used [0x00000000d5580000,0x00000000d5580000,0x00000000d6e80000)
  from space 4096K, 99% used [0x00000000d7280000,0x00000000d7679e18,0x00000000d7680000)
  to   space 4096K, 0% used [0x00000000d6e80000,0x00000000d6e80000,0x00000000d7280000)
 ParOldGen       total 68608K, used 88K [0x0000000080000000, 0x0000000084300000, 0x00000000d5580000)
  object space 68608K, 0% used [0x0000000080000000,0x0000000080016000,0x0000000084300000)
 Metaspace       used 8300K, committed 8576K, reserved 1114112K
  class space    used 881K, committed 1024K, reserved 1048576K
}
Event: 7.656 GC heap before
{Heap before GC invocations=3 (full 0):
 PSYoungGen      total 29696K, used 29671K [0x00000000d5580000, 0x00000000d7680000, 0x0000000100000000)
  eden space 25600K, 100% used [0x00000000d5580000,0x00000000d6e80000,0x00000000d6e80000)
  from space 4096K, 99% used [0x00000000d7280000,0x00000000d7679e18,0x00000000d7680000)
  to   space 4096K, 0% used [0x00000000d6e80000,0x00000000d6e80000,0x00000000d7280000)
 ParOldGen       total 68608K, used 88K [0x0000000080000000, 0x0000000084300000, 0x00000000d5580000)
  object space 68608K, 0% used [0x0000000080000000,0x0000000080016000,0x0000000084300000)
 Metaspace       used 8778K, committed 9152K, reserved 1114112K
  class space    used 916K, committed 1088K, reserved 1048576K
}
Event: 7.664 GC heap after
{Heap after GC invocations=3 (full 0):
 PSYoungGen      total 29696K, used 4086K [0x00000000d5580000, 0x00000000d7680000, 0x0000000100000000)
  eden space 25600K, 0% used [0x00000000d5580000,0x00000000d5580000,0x00000000d6e80000)
  from space 4096K, 99% used [0x00000000d6e80000,0x00000000d727d988,0x00000000d7280000)
  to   space 4096K, 0% used [0x00000000d7280000,0x00000000d7280000,0x00000000d7680000)
 ParOldGen       total 68608K, used 4791K [0x0000000080000000, 0x0000000084300000, 0x00000000d5580000)
  object space 68608K, 6% used [0x0000000080000000,0x00000000804adca0,0x0000000084300000)
 Metaspace       used 8778K, committed 9152K, reserved 1114112K
  class space    used 916K, committed 1088K, reserved 1048576K
}
Event: 8.053 GC heap before
{Heap before GC invocations=4 (full 0):
 PSYoungGen      total 29696K, used 29686K [0x00000000d5580000, 0x00000000d7680000, 0x0000000100000000)
  eden space 25600K, 100% used [0x00000000d5580000,0x00000000d6e80000,0x00000000d6e80000)
  from space 4096K, 99% used [0x00000000d6e80000,0x00000000d727d988,0x00000000d7280000)
  to   space 4096K, 0% used [0x00000000d7280000,0x00000000d7280000,0x00000000d7680000)
 ParOldGen       total 68608K, used 4791K [0x0000000080000000, 0x0000000084300000, 0x00000000d5580000)
  object space 68608K, 6% used [0x0000000080000000,0x00000000804adca0,0x0000000084300000)
 Metaspace       used 10009K, committed 10240K, reserved 1114112K
  class space    used 1048K, committed 1152K, reserved 1048576K
}
Event: 8.058 GC heap after
{Heap after GC invocations=4 (full 0):
 PSYoungGen      total 29696K, used 4094K [0x00000000d5580000, 0x00000000d7680000, 0x0000000100000000)
  eden space 25600K, 0% used [0x00000000d5580000,0x00000000d5580000,0x00000000d6e80000)
  from space 4096K, 99% used [0x00000000d7280000,0x00000000d767f950,0x00000000d7680000)
  to   space 4096K, 0% used [0x00000000d6e80000,0x00000000d6e80000,0x00000000d7280000)
 ParOldGen       total 68608K, used 6323K [0x0000000080000000, 0x0000000084300000, 0x00000000d5580000)
  object space 68608K, 9% used [0x0000000080000000,0x000000008062cdd8,0x0000000084300000)
 Metaspace       used 10009K, committed 10240K, reserved 1114112K
  class space    used 1048K, committed 1152K, reserved 1048576K
}

Dll operation events (9 events):
Event: 1.752 Loaded shared library c:\Users\Danusshkumar\.vscode\extensions\redhat.java-1.46.0-win32-x64\jre\21.0.8-win32-x86_64\bin\java.dll
Event: 2.304 Loaded shared library c:\Users\Danusshkumar\.vscode\extensions\redhat.java-1.46.0-win32-x64\jre\21.0.8-win32-x86_64\bin\zip.dll
Event: 2.348 Loaded shared library C:\Users\Danusshkumar\.vscode\extensions\redhat.java-1.46.0-win32-x64\jre\21.0.8-win32-x86_64\bin\instrument.dll
Event: 2.371 Loaded shared library C:\Users\Danusshkumar\.vscode\extensions\redhat.java-1.46.0-win32-x64\jre\21.0.8-win32-x86_64\bin\net.dll
Event: 2.387 Loaded shared library C:\Users\Danusshkumar\.vscode\extensions\redhat.java-1.46.0-win32-x64\jre\21.0.8-win32-x86_64\bin\nio.dll
Event: 2.394 Loaded shared library C:\Users\Danusshkumar\.vscode\extensions\redhat.java-1.46.0-win32-x64\jre\21.0.8-win32-x86_64\bin\zip.dll
Event: 2.423 Loaded shared library C:\Users\Danusshkumar\.vscode\extensions\redhat.java-1.46.0-win32-x64\jre\21.0.8-win32-x86_64\bin\jimage.dll
Event: 2.603 Loaded shared library c:\Users\Danusshkumar\.vscode\extensions\redhat.java-1.46.0-win32-x64\jre\21.0.8-win32-x86_64\bin\verify.dll
Event: 7.611 Loaded shared library C:\Users\Danusshkumar\AppData\Roaming\Code\User\globalStorage\redhat.java\1.46.0\config_win\org.eclipse.equinox.launcher\org.eclipse.equinox.launcher.win32.win32.x86_64_1.2.1400.v20250801-0854\eclipse_11916.dll

Deoptimization events (20 events):
Event: 8.654 Thread 0x00000153e4997ff0 Uncommon trap: trap_request=0xffffffde fr.pc=0x00000153d6dd1364 relative=0x0000000000000304
Event: 8.654 Thread 0x00000153e4997ff0 Uncommon trap: reason=class_check action=maybe_recompile pc=0x00000153d6dd1364 method=java.util.regex.Pattern$BmpCharPropertyGreedy.match(Ljava/util/regex/Matcher;ILjava/lang/CharSequence;)Z @ 26 c2
Event: 8.654 Thread 0x00000153e4997ff0 DEOPT PACKING pc=0x00000153d6dd1364 sp=0x00000027fedfd8f0
Event: 8.654 Thread 0x00000153e4997ff0 DEOPT UNPACKING pc=0x00000153d6796da2 sp=0x00000027fedfd888 mode 2
Event: 8.785 Thread 0x00000153e4997ff0 Uncommon trap: trap_request=0xffffff45 fr.pc=0x00000153d6d51494 relative=0x0000000000000634
Event: 8.785 Thread 0x00000153e4997ff0 Uncommon trap: reason=unstable_if action=reinterpret pc=0x00000153d6d51494 method=java.util.jar.Manifest$FastInputStream.readLine([BII)I @ 130 c2
Event: 8.785 Thread 0x00000153e4997ff0 DEOPT PACKING pc=0x00000153d6d51494 sp=0x00000027fedfd6d0
Event: 8.785 Thread 0x00000153e4997ff0 DEOPT UNPACKING pc=0x00000153d6796da2 sp=0x00000027fedfd608 mode 2
Event: 9.519 Thread 0x00000153e4997ff0 Uncommon trap: trap_request=0xffffff45 fr.pc=0x00000153d6d44d9c relative=0x0000000000001a5c
Event: 9.519 Thread 0x00000153e4997ff0 Uncommon trap: reason=unstable_if action=reinterpret pc=0x00000153d6d44d9c method=java.util.jar.Manifest$FastInputStream.readLine([BII)I @ 106 c2
Event: 9.519 Thread 0x00000153e4997ff0 DEOPT PACKING pc=0x00000153d6d44d9c sp=0x00000027fedfd670
Event: 9.519 Thread 0x00000153e4997ff0 DEOPT UNPACKING pc=0x00000153d6796da2 sp=0x00000027fedfd550 mode 2
Event: 9.520 Thread 0x00000153e4997ff0 Uncommon trap: trap_request=0xffffff45 fr.pc=0x00000153d6d3508c relative=0x00000000000004ac
Event: 9.520 Thread 0x00000153e4997ff0 Uncommon trap: reason=unstable_if action=reinterpret pc=0x00000153d6d3508c method=java.util.jar.Manifest$FastInputStream.readLine([BII)I @ 106 c2
Event: 9.520 Thread 0x00000153e4997ff0 DEOPT PACKING pc=0x00000153d6d3508c sp=0x00000027fedfd5a0
Event: 9.520 Thread 0x00000153e4997ff0 DEOPT UNPACKING pc=0x00000153d6796da2 sp=0x00000027fedfd550 mode 2
Event: 9.520 Thread 0x00000153e4997ff0 Uncommon trap: trap_request=0xffffff45 fr.pc=0x00000153d6de01bc relative=0x000000000000009c
Event: 9.520 Thread 0x00000153e4997ff0 Uncommon trap: reason=unstable_if action=reinterpret pc=0x00000153d6de01bc method=java.util.jar.Manifest$FastInputStream.peek()B @ 8 c2
Event: 9.520 Thread 0x00000153e4997ff0 DEOPT PACKING pc=0x00000153d6de01bc sp=0x00000027fedfd670
Event: 9.520 Thread 0x00000153e4997ff0 DEOPT UNPACKING pc=0x00000153d6796da2 sp=0x00000027fedfd608 mode 2

Classes loaded (20 events):
Event: 7.986 Loading class java/util/Formatter$FixedString
Event: 7.986 Loading class java/util/Formatter$FixedString done
Event: 7.987 Loading class java/time/ZonedDateTime$1
Event: 7.987 Loading class java/time/ZonedDateTime$1 done
Event: 7.995 Loading class jdk/internal/module/ModulePatcher$PatchedModuleReader
Event: 7.996 Loading class jdk/internal/module/ModulePatcher$PatchedModuleReader done
Event: 8.005 Loading class sun/util/resources/LocaleData$CommonResourceBundleProvider
Event: 8.005 Loading class sun/util/resources/LocaleData$LocaleDataResourceBundleProvider
Event: 8.005 Loading class java/util/spi/ResourceBundleProvider
Event: 8.005 Loading class java/util/spi/ResourceBundleProvider done
Event: 8.005 Loading class sun/util/resources/LocaleData$LocaleDataResourceBundleProvider done
Event: 8.005 Loading class sun/util/resources/LocaleData$CommonResourceBundleProvider done
Event: 8.008 Loading class sun/text/resources/cldr/FormatData_en
Event: 8.009 Loading class sun/text/resources/cldr/FormatData_en done
Event: 8.009 Loading class sun/util/resources/Bundles$2
Event: 8.009 Loading class sun/util/resources/Bundles$2 done
Event: 8.069 Loading class java/nio/file/StandardCopyOption
Event: 8.070 Loading class java/nio/file/StandardCopyOption done
Event: 8.072 Loading class sun/nio/fs/WindowsFileCopy
Event: 8.073 Loading class sun/nio/fs/WindowsFileCopy done

Classes unloaded (0 events):
No events

Classes redefined (0 events):
No events

Internal exceptions (20 events):
Event: 3.678 Thread 0x00000153cc0264e0 Exception <a 'java/io/FileNotFoundException'{0x00000000d56a18e0}> (0x00000000d56a18e0) 
thrown [s\src\hotspot\share\prims\jni.cpp, line 520]
Event: 3.752 Thread 0x00000153cc0264e0 Implicit null exception at 0x00000153d6d3c3c9 to 0x00000153d6d3cd60
Event: 3.753 Thread 0x00000153cc0264e0 Implicit null exception at 0x00000153d6d3a91a to 0x00000153d6d3ab24
Event: 3.759 Thread 0x00000153cc0264e0 Exception <a 'java/lang/NoSuchMethodError'{0x00000000d57ce5b8}: 'void java.lang.invoke.DirectMethodHandle$Holder.invokeStatic(java.lang.Object, java.lang.Object, java.lang.Object, java.lang.Object)'> (0x00000000d57ce5b8) 
thrown [s\src\hotspot\share\interpreter\linkResolver.cpp, line 773]
Event: 3.761 Thread 0x00000153cc0264e0 Implicit null exception at 0x00000153d6d394bd to 0x00000153d6d39541
Event: 3.935 Thread 0x00000153cc0264e0 Exception <a 'java/lang/NoSuchMethodError'{0x00000000d5bcd388}: 'int java.lang.invoke.DirectMethodHandle$Holder.invokeVirtual(java.lang.Object, java.lang.Object)'> (0x00000000d5bcd388) 
thrown [s\src\hotspot\share\interpreter\linkResolver.cpp, line 773]
Event: 4.406 Thread 0x00000153cc0264e0 Exception <a 'java/lang/IncompatibleClassChangeError'{0x00000000d6647040}: Found class java.lang.Object, but interface was expected> (0x00000000d6647040) 
thrown [s\src\hotspot\share\interpreter\linkResolver.cpp, line 840]
Event: 4.407 Thread 0x00000153cc0264e0 Exception <a 'java/lang/NoSuchMethodError'{0x00000000d6650600}: 'void java.lang.invoke.DirectMethodHandle$Holder.invokeInterface(java.lang.Object, java.lang.Object, java.lang.Object)'> (0x00000000d6650600) 
thrown [s\src\hotspot\share\interpreter\linkResolver.cpp, line 773]
Event: 4.450 Thread 0x00000153cc0264e0 Exception <a 'java/lang/NoSuchMethodError'{0x00000000d68774f0}: 'int java.lang.invoke.DirectMethodHandle$Holder.invokeStaticInit(java.lang.Object, java.lang.Object, java.lang.Object, java.lang.Object)'> (0x00000000d68774f0) 
thrown [s\src\hotspot\share\interpreter\linkResolver.cpp, line 773]
Event: 4.452 Thread 0x00000153cc0264e0 Exception <a 'java/lang/NoSuchMethodError'{0x00000000d6881b80}: 'void java.lang.invoke.DirectMethodHandle$Holder.invokeStaticInit(java.lang.Object, java.lang.Object)'> (0x00000000d6881b80) 
thrown [s\src\hotspot\share\interpreter\linkResolver.cpp, line 773]
Event: 4.453 Thread 0x00000153cc0264e0 Exception <a 'java/lang/NoSuchMethodError'{0x00000000d68870a0}: 'int java.lang.invoke.DirectMethodHandle$Holder.invokeStaticInit(java.lang.Object, java.lang.Object)'> (0x00000000d68870a0) 
thrown [s\src\hotspot\share\interpreter\linkResolver.cpp, line 773]
Event: 4.511 Thread 0x00000153cc0264e0 Exception <a 'java/lang/NoSuchMethodError'{0x00000000d6a76ef8}: 'java.lang.Object java.lang.invoke.DirectMethodHandle$Holder.newInvokeSpecial(java.lang.Object, int, java.lang.Object)'> (0x00000000d6a76ef8) 
thrown [s\src\hotspot\share\interpreter\linkResolver.cpp, line 773]
Event: 4.552 Thread 0x00000153cc0264e0 Exception <a 'java/lang/ClassNotFoundException'{0x00000000d6bf9090}: sun/net/www/protocol/plurl/Handler> (0x00000000d6bf9090) 
thrown [s\src\hotspot\share\classfile\systemDictionary.cpp, line 312]
Event: 4.553 Thread 0x00000153cc0264e0 Exception <a 'java/lang/ClassNotFoundException'{0x00000000d6bf9f10}: sun/net/www/protocol/plurl/Handler> (0x00000000d6bf9f10) 
thrown [s\src\hotspot\share\classfile\systemDictionary.cpp, line 312]
Event: 4.559 Thread 0x00000153cc0264e0 Exception <a 'java/lang/NoSuchMethodError'{0x00000000d6c3ab18}: 'void java.lang.invoke.DirectMethodHandle$Holder.invokeSpecial(java.lang.Object, java.lang.Object, java.lang.Object)'> (0x00000000d6c3ab18) 
thrown [s\src\hotspot\share\interpreter\linkResolver.cpp, line 773]
Event: 7.593 Thread 0x00000153cc0264e0 Exception <a 'java/lang/UnsatisfiedLinkError'{0x00000000d6adf5a0}: 'void org.eclipse.equinox.launcher.JNIBridge._update_splash()'> (0x00000000d6adf5a0) 
thrown [s\src\hotspot\share\prims\nativeLookup.cpp, line 415]
Event: 7.879 Thread 0x00000153e4997ff0 Exception <a 'java/lang/NoSuchMethodError'{0x00000000d64a5d00}: 'java.lang.Object java.lang.invoke.DirectMethodHandle$Holder.newInvokeSpecial(java.lang.Object, java.lang.Object, int, java.lang.Object)'> (0x00000000d64a5d00) 
thrown [s\src\hotspot\share\interpreter\linkResolver.cpp, line 773]
Event: 7.879 Thread 0x00000153e4997ff0 Exception <a 'java/lang/NoSuchMethodError'{0x00000000d64a9b70}: 'java.lang.Object java.lang.invoke.DirectMethodHandle$Holder.invokeSpecial(java.lang.Object, java.lang.Object, java.lang.Object, int, java.lang.Object)'> (0x00000000d64a9b70) 
thrown [s\src\hotspot\share\interpreter\linkResolver.cpp, line 773]
Event: 7.904 Thread 0x00000153e4997ff0 Exception <a 'java/lang/NoClassDefFoundError'{0x00000000d6552788}: jakarta/servlet/ServletContainerInitializer> (0x00000000d6552788) 
thrown [s\src\hotspot\share\classfile\systemDictionary.cpp, line 301]
Event: 7.978 Thread 0x00000153e4997ff0 Exception <a 'java/lang/ClassNotFoundException'{0x00000000d66ce378}: sun/util/logging/resources/spi/loggingProvider> (0x00000000d66ce378) 
thrown [s\src\hotspot\share\classfile\systemDictionary.cpp, line 312]

ZGC Phase Switch (0 events):
No events

VM Operations (20 events):
Event: 7.656 Executing VM operation: ParallelGCFailedAllocation (Allocation Failure)
Event: 7.664 Executing VM operation: ParallelGCFailedAllocation (Allocation Failure) done
Event: 7.848 Executing VM operation: ICBufferFull
Event: 7.849 Executing VM operation: ICBufferFull done
Event: 7.911 Executing VM operation: HandshakeAllThreads (Deoptimize)
Event: 7.911 Executing VM operation: HandshakeAllThreads (Deoptimize) done
Event: 7.958 Executing VM operation: HandshakeAllThreads (Deoptimize)
Event: 7.958 Executing VM operation: HandshakeAllThreads (Deoptimize) done
Event: 7.996 Executing VM operation: HandshakeAllThreads (Deoptimize)
Event: 7.996 Executing VM operation: HandshakeAllThreads (Deoptimize) done
Event: 8.021 Executing VM operation: HandshakeAllThreads (Deoptimize)
Event: 8.021 Executing VM operation: HandshakeAllThreads (Deoptimize) done
Event: 8.032 Executing VM operation: HandshakeAllThreads (Deoptimize)
Event: 8.032 Executing VM operation: HandshakeAllThreads (Deoptimize) done
Event: 8.052 Executing VM operation: ParallelGCFailedAllocation (Allocation Failure)
Event: 8.058 Executing VM operation: ParallelGCFailedAllocation (Allocation Failure) done
Event: 8.646 Executing VM operation: HandshakeAllThreads (Deoptimize)
Event: 8.646 Executing VM operation: HandshakeAllThreads (Deoptimize) done
Event: 9.652 Executing VM operation: Cleanup
Event: 9.652 Executing VM operation: Cleanup done

Memory protections (0 events):
No events

Nmethod flushes (0 events):
No events

Events (20 events):
Event: 2.221 Thread 0x00000153cc0264e0 Thread added: 0x00000153e2a8e670
Event: 2.224 Thread 0x00000153cc0264e0 Thread added: 0x00000153e2a91eb0
Event: 2.226 Thread 0x00000153cc0264e0 Thread added: 0x00000153e2a96f40
Event: 2.227 Thread 0x00000153cc0264e0 Thread added: 0x00000153e2a9a1f0
Event: 2.227 Thread 0x00000153cc0264e0 Thread added: 0x00000153e2a9b8e0
Event: 2.263 Thread 0x00000153cc0264e0 Thread added: 0x00000153e43e2120
Event: 2.763 Thread 0x00000153cc0264e0 Thread added: 0x00000153e4660260
Event: 4.379 Thread 0x00000153cc0264e0 Thread added: 0x00000153e4ae6720
Event: 4.383 Thread 0x00000153e4ae6720 Thread added: 0x00000153e4b2a030
Event: 4.388 Thread 0x00000153cc0264e0 Thread added: 0x00000153e4b2a690
Event: 4.391 Thread 0x00000153cc0264e0 Thread added: 0x00000153e49b7910
Event: 4.393 Thread 0x00000153cc0264e0 Thread added: 0x00000153e49b7f70
Event: 4.397 Thread 0x00000153cc0264e0 Thread added: 0x00000153e4b540e0
Event: 4.473 Thread 0x00000153cc0264e0 Thread added: 0x00000153e49ad8f0
Event: 7.249 Thread 0x00000153cc0264e0 Thread added: 0x00000153e4c8aeb0
Event: 7.251 Thread 0x00000153cc0264e0 Thread added: 0x00000153e4997ff0
Event: 7.591 Thread 0x00000153cc0264e0 Thread added: 0x00000153e4995890
Event: 7.675 Thread 0x00000153e4995890 Thread added: 0x00000153e4998680
Event: 7.676 Thread 0x00000153e4995890 Thread added: 0x00000153e4995f20
Event: 8.145 Thread 0x00000153e4997ff0 Thread added: 0x00000153e49965b0


Dynamic libraries:
0x00007ff7b2620000 - 0x00007ff7b262e000 	c:\Users\Danusshkumar\.vscode\extensions\redhat.java-1.46.0-win32-x64\jre\21.0.8-win32-x86_64\bin\java.exe
0x00007ffe82190000 - 0x00007ffe823a7000 	C:\WINDOWS\SYSTEM32\ntdll.dll
0x00007ffe48250000 - 0x00007ffe48270000 	C:\Program Files\Avast Software\Avast\aswhook.dll
0x00007ffe80f70000 - 0x00007ffe81034000 	C:\WINDOWS\System32\KERNEL32.DLL
0x00007ffe7f750000 - 0x00007ffe7fb20000 	C:\WINDOWS\System32\KERNELBASE.dll
0x00007ffe7fbd0000 - 0x00007ffe7fce1000 	C:\WINDOWS\System32\ucrtbase.dll
0x00007ffe1d4e0000 - 0x00007ffe1d4f8000 	c:\Users\Danusshkumar\.vscode\extensions\redhat.java-1.46.0-win32-x64\jre\21.0.8-win32-x86_64\bin\jli.dll
0x00007ffe32ed0000 - 0x00007ffe32eee000 	c:\Users\Danusshkumar\.vscode\extensions\redhat.java-1.46.0-win32-x64\jre\21.0.8-win32-x86_64\bin\VCRUNTIME140.dll
0x00007ffe80180000 - 0x00007ffe80331000 	C:\WINDOWS\System32\USER32.dll
0x00007ffe7f660000 - 0x00007ffe7f686000 	C:\WINDOWS\System32\win32u.dll
0x00007ffe803c0000 - 0x00007ffe803e9000 	C:\WINDOWS\System32\GDI32.dll
0x00007ffe7fcf0000 - 0x00007ffe7fe13000 	C:\WINDOWS\System32\gdi32full.dll
0x00007ffe7f450000 - 0x00007ffe7f4ea000 	C:\WINDOWS\System32\msvcp_win.dll
0x00007ffe673a0000 - 0x00007ffe6763c000 	C:\WINDOWS\WinSxS\amd64_microsoft.windows.common-controls_6595b64144ccf1df_6.0.22621.5840_none_2710ea077384a4fe\COMCTL32.dll
0x00007ffe818f0000 - 0x00007ffe81997000 	C:\WINDOWS\System32\msvcrt.dll
0x00007ffe80340000 - 0x00007ffe80371000 	C:\WINDOWS\System32\IMM32.DLL
0x00007ffe7b820000 - 0x00007ffe7b82c000 	c:\Users\Danusshkumar\.vscode\extensions\redhat.java-1.46.0-win32-x64\jre\21.0.8-win32-x86_64\bin\vcruntime140_1.dll
0x00007ffe094f0000 - 0x00007ffe0957d000 	c:\Users\Danusshkumar\.vscode\extensions\redhat.java-1.46.0-win32-x64\jre\21.0.8-win32-x86_64\bin\msvcp140.dll
0x00007ffdb81b0000 - 0x00007ffdb8f47000 	c:\Users\Danusshkumar\.vscode\extensions\redhat.java-1.46.0-win32-x64\jre\21.0.8-win32-x86_64\bin\server\jvm.dll
0x00007ffe81c10000 - 0x00007ffe81cc1000 	C:\WINDOWS\System32\ADVAPI32.dll
0x00007ffe80e40000 - 0x00007ffe80ee8000 	C:\WINDOWS\System32\sechost.dll
0x00007ffe7fb20000 - 0x00007ffe7fb48000 	C:\WINDOWS\System32\bcrypt.dll
0x00007ffe7fe20000 - 0x00007ffe7ff38000 	C:\WINDOWS\System32\RPCRT4.dll
0x00007ffe80ef0000 - 0x00007ffe80f61000 	C:\WINDOWS\System32\WS2_32.dll
0x00007ffe7a280000 - 0x00007ffe7a2b4000 	C:\WINDOWS\SYSTEM32\WINMM.dll
0x00007ffe7a770000 - 0x00007ffe7a77a000 	C:\WINDOWS\SYSTEM32\VERSION.dll
0x00007ffe7f170000 - 0x00007ffe7f1bd000 	C:\WINDOWS\SYSTEM32\POWRPROF.dll
0x00007ffe7f150000 - 0x00007ffe7f163000 	C:\WINDOWS\SYSTEM32\UMPDC.dll
0x00007ffe7e220000 - 0x00007ffe7e238000 	C:\WINDOWS\SYSTEM32\kernel.appcore.dll
0x00007ffe74b30000 - 0x00007ffe74b3a000 	c:\Users\Danusshkumar\.vscode\extensions\redhat.java-1.46.0-win32-x64\jre\21.0.8-win32-x86_64\bin\jimage.dll
0x00007ffe7cdd0000 - 0x00007ffe7d003000 	C:\WINDOWS\SYSTEM32\DBGHELP.DLL
0x00007ffe81140000 - 0x00007ffe814d1000 	C:\WINDOWS\System32\combase.dll
0x00007ffe81530000 - 0x00007ffe81608000 	C:\WINDOWS\System32\OLEAUT32.dll
0x00007ffe756a0000 - 0x00007ffe756d2000 	C:\WINDOWS\SYSTEM32\dbgcore.DLL
0x00007ffe7f290000 - 0x00007ffe7f30b000 	C:\WINDOWS\System32\bcryptPrimitives.dll
0x00007ffe74600000 - 0x00007ffe7460f000 	c:\Users\Danusshkumar\.vscode\extensions\redhat.java-1.46.0-win32-x64\jre\21.0.8-win32-x86_64\bin\instrument.dll
0x00007ffe42bd0000 - 0x00007ffe42bef000 	c:\Users\Danusshkumar\.vscode\extensions\redhat.java-1.46.0-win32-x64\jre\21.0.8-win32-x86_64\bin\java.dll
0x00007ffe803f0000 - 0x00007ffe80c91000 	C:\WINDOWS\System32\SHELL32.dll
0x00007ffe7f310000 - 0x00007ffe7f44f000 	C:\WINDOWS\System32\wintypes.dll
0x00007ffe7d110000 - 0x00007ffe7da2a000 	C:\WINDOWS\SYSTEM32\windows.storage.dll
0x00007ffe7ff50000 - 0x00007ffe8005a000 	C:\WINDOWS\System32\SHCORE.dll
0x00007ffe80060000 - 0x00007ffe800c9000 	C:\WINDOWS\System32\shlwapi.dll
0x00007ffe7f1c0000 - 0x00007ffe7f1e5000 	C:\WINDOWS\SYSTEM32\profapi.dll
0x00007ffe1a5e0000 - 0x00007ffe1a5f8000 	c:\Users\Danusshkumar\.vscode\extensions\redhat.java-1.46.0-win32-x64\jre\21.0.8-win32-x86_64\bin\zip.dll
0x00007ffe66df0000 - 0x00007ffe66e00000 	C:\Users\Danusshkumar\.vscode\extensions\redhat.java-1.46.0-win32-x64\jre\21.0.8-win32-x86_64\bin\net.dll
0x00007ffe7b140000 - 0x00007ffe7b26c000 	C:\WINDOWS\SYSTEM32\WINHTTP.dll
0x00007ffe7e6e0000 - 0x00007ffe7e749000 	C:\WINDOWS\system32\mswsock.dll
0x00007ffe15560000 - 0x00007ffe15576000 	C:\Users\Danusshkumar\.vscode\extensions\redhat.java-1.46.0-win32-x64\jre\21.0.8-win32-x86_64\bin\nio.dll
0x00007ffe609a0000 - 0x00007ffe609b0000 	c:\Users\Danusshkumar\.vscode\extensions\redhat.java-1.46.0-win32-x64\jre\21.0.8-win32-x86_64\bin\verify.dll
0x00007ffe10430000 - 0x00007ffe10474000 	C:\Users\Danusshkumar\AppData\Roaming\Code\User\globalStorage\redhat.java\1.46.0\config_win\org.eclipse.equinox.launcher\org.eclipse.equinox.launcher.win32.win32.x86_64_1.2.1400.v20250801-0854\eclipse_11916.dll
0x00007ffe80ca0000 - 0x00007ffe80e40000 	C:\WINDOWS\System32\ole32.dll

JVMTI agents:
c:\Users\Danusshkumar\.vscode\extensions\redhat.java-1.46.0-win32-x64\lombok\lombok-1.18.39-4050.jar path:c:\Users\Danusshkumar\.vscode\extensions\redhat.java-1.46.0-win32-x64\jre\21.0.8-win32-x86_64\bin\instrument.dll, loaded, initialized, instrumentlib options:none

dbghelp: loaded successfully - version: 4.0.5 - missing functions: none
symbol engine: initialized successfully - sym options: 0x614 - pdb path: .;c:\Users\Danusshkumar\.vscode\extensions\redhat.java-1.46.0-win32-x64\jre\21.0.8-win32-x86_64\bin;C:\WINDOWS\SYSTEM32;C:\Program Files\Avast Software\Avast;C:\WINDOWS\WinSxS\amd64_microsoft.windows.common-controls_6595b64144ccf1df_6.0.22621.5840_none_2710ea077384a4fe;c:\Users\Danusshkumar\.vscode\extensions\redhat.java-1.46.0-win32-x64\jre\21.0.8-win32-x86_64\bin\server;C:\Users\Danusshkumar\AppData\Roaming\Code\User\globalStorage\redhat.java\1.46.0\config_win\org.eclipse.equinox.launcher\org.eclipse.equinox.launcher.win32.win32.x86_64_1.2.1400.v20250801-0854

VM Arguments:
jvm_args: --add-modules=ALL-SYSTEM --add-opens=java.base/java.util=ALL-UNNAMED --add-opens=java.base/java.lang=ALL-UNNAMED --add-opens=java.base/sun.nio.fs=ALL-UNNAMED -Declipse.application=org.eclipse.jdt.ls.core.id1 -Dosgi.bundles.defaultStartLevel=4 -Declipse.product=org.eclipse.jdt.ls.core.product -Djava.import.generatesMetadataFilesAtProjectRoot=false -DDetectVMInstallationsJob.disabled=true -Dfile.encoding=utf8 -XX:+UseParallelGC -XX:GCTimeRatio=4 -XX:AdaptiveSizePolicyWeight=90 -Dsun.zip.disableMemoryMapping=true -Xmx2G -Xms100m -Xlog:disable -javaagent:c:\Users\Danusshkumar\.vscode\extensions\redhat.java-1.46.0-win32-x64\lombok\lombok-1.18.39-4050.jar -XX:+HeapDumpOnOutOfMemoryError -XX:HeapDumpPath=c:\Users\Danusshkumar\AppData\Roaming\Code\User\workspaceStorage\8e926844a49a3e517cfefa697b0d0e7f\redhat.java -Daether.dependencyCollector.impl=bf 
java_command: c:\Users\Danusshkumar\.vscode\extensions\redhat.java-1.46.0-win32-x64\server\plugins\org.eclipse.equinox.launcher_1.7.0.v20250519-0528.jar -configuration c:\Users\Danusshkumar\AppData\Roaming\Code\User\globalStorage\redhat.java\1.46.0\config_win -data c:\Users\Danusshkumar\AppData\Roaming\Code\User\workspaceStorage\8e926844a49a3e517cfefa697b0d0e7f\redhat.java\jdt_ws --pipe=\\.\pipe\lsp-09487b673fe2f6bc8ac291ff90ac5847-sock
java_class_path (initial): c:\Users\Danusshkumar\.vscode\extensions\redhat.java-1.46.0-win32-x64\server\plugins\org.eclipse.equinox.launcher_1.7.0.v20250519-0528.jar
Launcher Type: SUN_STANDARD

[Global flags]
    uintx AdaptiveSizePolicyWeight                 = 90                                        {product} {command line}
     intx CICompilerCount                          = 4                                         {product} {ergonomic}
    uintx GCTimeRatio                              = 4                                         {product} {command line}
     bool HeapDumpOnOutOfMemoryError               = true                                   {manageable} {command line}
    ccstr HeapDumpPath                             = c:\Users\Danusshkumar\AppData\Roaming\Code\User\workspaceStorage\8e926844a49a3e517cfefa697b0d0e7f\redhat.java         {manageable} {command line}
   size_t InitialHeapSize                          = 104857600                                 {product} {command line}
   size_t MaxHeapSize                              = 2147483648                                {product} {command line}
   size_t MaxNewSize                               = 715653120                                 {product} {ergonomic}
   size_t MinHeapDeltaBytes                        = 524288                                    {product} {ergonomic}
   size_t MinHeapSize                              = 104857600                                 {product} {command line}
   size_t NewSize                                  = 34603008                                  {product} {ergonomic}
    uintx NonNMethodCodeHeapSize                   = 5839372                                {pd product} {ergonomic}
    uintx NonProfiledCodeHeapSize                  = 122909434                              {pd product} {ergonomic}
   size_t OldSize                                  = 70254592                                  {product} {ergonomic}
    uintx ProfiledCodeHeapSize                     = 122909434                              {pd product} {ergonomic}
    uintx ReservedCodeCacheSize                    = 251658240                              {pd product} {ergonomic}
     bool SegmentedCodeCache                       = true                                      {product} {ergonomic}
   size_t SoftMaxHeapSize                          = 2147483648                             {manageable} {ergonomic}
     bool UseCompressedOops                        = true                           {product lp64_product} {ergonomic}
     bool UseLargePagesIndividualAllocation        = false                                  {pd product} {ergonomic}
     bool UseParallelGC                            = true                                      {product} {command line}

Logging:
Log output configuration:
 #0: stdout all=off uptime,level,tags foldmultilines=false
 #1: stderr all=off uptime,level,tags foldmultilines=false

Environment Variables:
PATH=C:\Program Files\Common Files\Oracle\Java\javapath;C:\WINDOWS\system32;C:\WINDOWS;C:\WINDOWS\System32\Wbem;C:\WINDOWS\System32\WindowsPowerShell\v1.0\;C:\WINDOWS\System32\OpenSSH\;C:\Program Files\dotnet\;C:\Program Files\GitHub CLI\;C:\Program Files\HP\HP One Agent;C:\Program Files (x86)\Microsoft SQL Server\160\Tools\Binn\;C:\Program Files\Microsoft SQL Server\160\Tools\Binn\;C:\Program Files\Microsoft SQL Server\Client SDK\ODBC\170\Tools\Binn\;C:\Program Files\Microsoft SQL Server\160\DTS\Binn\;C:\Users\Danusshkumar\AppData\Roaming\nvm;C:\Program Files\nodejs;C:\Program Files\Git\cmd;C:\Ruby33-x64\bin;C:\Program Files\MySQL\MySQL Shell 8.0\bin\;C:\Windows\system32;C:\Windows;C:\Windows\System32\Wbem;C:\Windows\System32\WindowsPowerShell\v1.0\;C:\Windows\System32\OpenSSH\;C:\Users\Danusshkumar\AppData\Local\Microsoft\WindowsApps;C:\Python34\Scripts;C:\Users\Danusshkumar\AppData\Local\Microsoft\WindowsApps;C:\mingw-18.0-without-git\MinGW\bin;C:\Program Files\JetBrains\IntelliJ IDEA Community Edition 2022.1\bin;C:\flutter\bin;C:\Program Files;C:\ProgramData\Microsoft\Windows\Start Menu\Programs\;C:\Program Files\Java\jdk-11.0.15.1\bin;C:\Users\Danusshkumar\AppData\Local\Programs\Hyper\resources\bin;C:\Program Files\MongoDB\Server\4.0\bin;C:\Program Files\heroku\bin;C:\Program Files\JetBrains\PyCharm Community Edition 2023.1.1\bin;;D:\My Files\My Academics\My Projects\Django projects\pyWrapper\Scripts;C:\Users\Danusshkumar\AppData\Local\Programs\Microsoft VS Code\bin;C:\Users\Danusshkumar\AppData\Roaming\npm;C:\Program Files\MySQL\MySQL Server 8.0\bin;C:\Program Files\MySQL\MySQL Server 9.0\bin;C:\Users\Danusshkumar\AppData\Roaming\nvm;C:\Program Files\nodejs;D:\Apps\scrcpy-win64-v3.1;C:\platform-tools;C:\Program Files\Git;C:\Program Files\nvim-win64\nvim-win64\bin;
USERNAME=Danusshkumar
OS=Windows_NT
PROCESSOR_IDENTIFIER=Intel64 Family 6 Model 140 Stepping 1, GenuineIntel
TMP=C:\Users\DANUSS~1\AppData\Local\Temp
TEMP=C:\Users\DANUSS~1\AppData\Local\Temp




Periodic native trim disabled

---------------  S Y S T E M  ---------------

OS:
 Windows 11 , 64 bit Build 22621 (10.0.22621.5415)
OS uptime: 3 days 14:28 hours
Hyper-V role detected

CPU: total 8 (initial active 8) (4 cores per cpu, 2 threads per core) family 6 model 140 stepping 1 microcode 0xb4, cx8, cmov, fxsr, ht, mmx, 3dnowpref, sse, sse2, sse3, ssse3, sse4.1, sse4.2, popcnt, lzcnt, tsc, tscinvbit, avx, avx2, aes, erms, clmul, bmi1, bmi2, adx, avx512f, avx512dq, avx512cd, avx512bw, avx512vl, sha, fma, vzeroupper, avx512_vpopcntdq, avx512_vpclmulqdq, avx512_vaes, avx512_vnni, clflush, clflushopt, clwb, avx512_vbmi2, avx512_vbmi, hv, rdtscp, rdpid, fsrm, gfni, avx512_bitalg, f16c, cet_ibt, cet_ss, avx512_ifma
Processor Information for the first 8 processors :
  Max Mhz: 2401, Current Mhz: 2401, Mhz Limit: 2401

Memory: 4k page, system-wide physical 3738M (54M free)
TotalPageFile size 15002M (AvailPageFile size 4M)
current process WorkingSet (physical memory assigned to process): 106M, peak: 107M
current process commit charge ("private bytes"): 249M, peak: 250M

vm_info: OpenJDK 64-Bit Server VM (21.0.8+9-LTS) for windows-amd64 JRE (21.0.8+9-LTS), built on 2025-07-15T00:00:00Z by "admin" with MS VC++ 17.7 (VS2022)

END.
